*** Installation started 2010/10/21 20:35 ***
Source: C:\Documents and Settings\usuario\Escritorio\bulmagesplus_windows_pendrive\reportlab-2.4.win32-py2.6.exe
999 Root Key: HKEY_LOCAL_MACHINE
020 Reg DB Key: [Software\Microsoft\Windows\CurrentVersion\Uninstall]reportlab-py2.6
040 Reg DB Value: [Software\Microsoft\Windows\CurrentVersion\Uninstall\reportlab-py2.6]DisplayName=Python 2.6 reportlab-2.4
040 Reg DB Value: [Software\Microsoft\Windows\CurrentVersion\Uninstall\reportlab-py2.6]UninstallString="C:\Python26\Removereportlab.exe" -u "C:\Python26\reportlab-wininst.log"
200 File Copy: C:\Python26\Lib\site-packages\pyHnj.pyd
200 File Copy: C:\Python26\Lib\site-packages\reportlab-2.4-py2.6.egg-info
200 File Copy: C:\Python26\Lib\site-packages\sgmlop.pyd
200 File Copy: C:\Python26\Lib\site-packages\_renderPM.pyd
200 File Copy: C:\Python26\Lib\site-packages\_rl_accel.pyd
200 File Copy: C:\Python26\Lib\site-packages\reportlab\rl_config.py
200 File Copy: C:\Python26\Lib\site-packages\reportlab\__init__.py
100 Made Dir: C:\Python26\Lib\site-packages\reportlab\fonts
200 File Copy: C:\Python26\Lib\site-packages\reportlab\fonts\00readme.txt
200 File Copy: C:\Python26\Lib\site-packages\reportlab\fonts\bitstream-vera-license.txt
200 File Copy: C:\Python26\Lib\site-packages\reportlab\fonts\cobo____.pfb
200 File Copy: C:\Python26\Lib\site-packages\reportlab\fonts\cob_____.pfb
200 File Copy: C:\Python26\Lib\site-packages\reportlab\fonts\com_____.pfb
200 File Copy: C:\Python26\Lib\site-packages\reportlab\fonts\coo_____.pfb
200 File Copy: C:\Python26\Lib\site-packages\reportlab\fonts\DarkGarden-copying-gpl.txt
200 File Copy: C:\Python26\Lib\site-packages\reportlab\fonts\DarkGarden-copying.txt
200 File Copy: C:\Python26\Lib\site-packages\reportlab\fonts\DarkGarden-readme.txt
200 File Copy: C:\Python26\Lib\site-packages\reportlab\fonts\DarkGarden.sfd
200 File Copy: C:\Python26\Lib\site-packages\reportlab\fonts\DarkGardenMK.afm
200 File Copy: C:\Python26\Lib\site-packages\reportlab\fonts\DarkGardenMK.pfb
200 File Copy: C:\Python26\Lib\site-packages\reportlab\fonts\Sy______.pfb
200 File Copy: C:\Python26\Lib\site-packages\reportlab\fonts\Vera.ttf
200 File Copy: C:\Python26\Lib\site-packages\reportlab\fonts\VeraBd.ttf
200 File Copy: C:\Python26\Lib\site-packages\reportlab\fonts\VeraBI.ttf
200 File Copy: C:\Python26\Lib\site-packages\reportlab\fonts\VeraIt.ttf
200 File Copy: C:\Python26\Lib\site-packages\reportlab\fonts\Zd______.pfb
200 File Copy: C:\Python26\Lib\site-packages\reportlab\fonts\Zx______.pfb
200 File Copy: C:\Python26\Lib\site-packages\reportlab\fonts\Zy______.pfb
200 File Copy: C:\Python26\Lib\site-packages\reportlab\fonts\_abi____.pfb
200 File Copy: C:\Python26\Lib\site-packages\reportlab\fonts\_ab_____.pfb
200 File Copy: C:\Python26\Lib\site-packages\reportlab\fonts\_ai_____.pfb
200 File Copy: C:\Python26\Lib\site-packages\reportlab\fonts\_a______.pfb
200 File Copy: C:\Python26\Lib\site-packages\reportlab\fonts\_ebi____.pfb
200 File Copy: C:\Python26\Lib\site-packages\reportlab\fonts\_eb_____.pfb
200 File Copy: C:\Python26\Lib\site-packages\reportlab\fonts\_ei_____.pfb
200 File Copy: C:\Python26\Lib\site-packages\reportlab\fonts\_er_____.pfb
100 Made Dir: C:\Python26\Lib\site-packages\reportlab\graphics
200 File Copy: C:\Python26\Lib\site-packages\reportlab\graphics\renderbase.py
200 File Copy: C:\Python26\Lib\site-packages\reportlab\graphics\renderPDF.py
200 File Copy: C:\Python26\Lib\site-packages\reportlab\graphics\renderPM.py
200 File Copy: C:\Python26\Lib\site-packages\reportlab\graphics\renderPS.py
200 File Copy: C:\Python26\Lib\site-packages\reportlab\graphics\renderSVG.py
200 File Copy: C:\Python26\Lib\site-packages\reportlab\graphics\shapes.py
200 File Copy: C:\Python26\Lib\site-packages\reportlab\graphics\testdrawings.py
200 File Copy: C:\Python26\Lib\site-packages\reportlab\graphics\testshapes.py
200 File Copy: C:\Python26\Lib\site-packages\reportlab\graphics\widgetbase.py
200 File Copy: C:\Python26\Lib\site-packages\reportlab\graphics\__init__.py
100 Made Dir: C:\Python26\Lib\site-packages\reportlab\graphics\barcode
200 File Copy: C:\Python26\Lib\site-packages\reportlab\graphics\barcode\code128.py
200 File Copy: C:\Python26\Lib\site-packages\reportlab\graphics\barcode\code39.py
200 File Copy: C:\Python26\Lib\site-packages\reportlab\graphics\barcode\code93.py
200 File Copy: C:\Python26\Lib\site-packages\reportlab\graphics\barcode\common.py
200 File Copy: C:\Python26\Lib\site-packages\reportlab\graphics\barcode\eanbc.py
200 File Copy: C:\Python26\Lib\site-packages\reportlab\graphics\barcode\fourstate.py
200 File Copy: C:\Python26\Lib\site-packages\reportlab\graphics\barcode\lto.py
200 File Copy: C:\Python26\Lib\site-packages\reportlab\graphics\barcode\test.py
200 File Copy: C:\Python26\Lib\site-packages\reportlab\graphics\barcode\usps.py
200 File Copy: C:\Python26\Lib\site-packages\reportlab\graphics\barcode\usps4s.py
200 File Copy: C:\Python26\Lib\site-packages\reportlab\graphics\barcode\widgets.py
200 File Copy: C:\Python26\Lib\site-packages\reportlab\graphics\barcode\__init__.py
100 Made Dir: C:\Python26\Lib\site-packages\reportlab\graphics\charts
200 File Copy: C:\Python26\Lib\site-packages\reportlab\graphics\charts\areas.py
200 File Copy: C:\Python26\Lib\site-packages\reportlab\graphics\charts\axes.py
200 File Copy: C:\Python26\Lib\site-packages\reportlab\graphics\charts\barcharts.py
200 File Copy: C:\Python26\Lib\site-packages\reportlab\graphics\charts\dotbox.py
200 File Copy: C:\Python26\Lib\site-packages\reportlab\graphics\charts\doughnut.py
200 File Copy: C:\Python26\Lib\site-packages\reportlab\graphics\charts\legends.py
200 File Copy: C:\Python26\Lib\site-packages\reportlab\graphics\charts\linecharts.py
200 File Copy: C:\Python26\Lib\site-packages\reportlab\graphics\charts\lineplots.py
200 File Copy: C:\Python26\Lib\site-packages\reportlab\graphics\charts\markers.py
200 File Copy: C:\Python26\Lib\site-packages\reportlab\graphics\charts\piecharts.py
200 File Copy: C:\Python26\Lib\site-packages\reportlab\graphics\charts\slidebox.py
200 File Copy: C:\Python26\Lib\site-packages\reportlab\graphics\charts\spider.py
200 File Copy: C:\Python26\Lib\site-packages\reportlab\graphics\charts\textlabels.py
200 File Copy: C:\Python26\Lib\site-packages\reportlab\graphics\charts\utils.py
200 File Copy: C:\Python26\Lib\site-packages\reportlab\graphics\charts\utils3d.py
200 File Copy: C:\Python26\Lib\site-packages\reportlab\graphics\charts\__init__.py
100 Made Dir: C:\Python26\Lib\site-packages\reportlab\graphics\samples
200 File Copy: C:\Python26\Lib\site-packages\reportlab\graphics\samples\bubble.py
200 File Copy: C:\Python26\Lib\site-packages\reportlab\graphics\samples\clustered_bar.py
200 File Copy: C:\Python26\Lib\site-packages\reportlab\graphics\samples\clustered_column.py
200 File Copy: C:\Python26\Lib\site-packages\reportlab\graphics\samples\excelcolors.py
200 File Copy: C:\Python26\Lib\site-packages\reportlab\graphics\samples\exploded_pie.py
200 File Copy: C:\Python26\Lib\site-packages\reportlab\graphics\samples\filled_radar.py
200 File Copy: C:\Python26\Lib\site-packages\reportlab\graphics\samples\linechart_with_markers.py
200 File Copy: C:\Python26\Lib\site-packages\reportlab\graphics\samples\line_chart.py
200 File Copy: C:\Python26\Lib\site-packages\reportlab\graphics\samples\radar.py
200 File Copy: C:\Python26\Lib\site-packages\reportlab\graphics\samples\runall.py
200 File Copy: C:\Python26\Lib\site-packages\reportlab\graphics\samples\scatter.py
200 File Copy: C:\Python26\Lib\site-packages\reportlab\graphics\samples\scatter_lines.py
200 File Copy: C:\Python26\Lib\site-packages\reportlab\graphics\samples\scatter_lines_markers.py
200 File Copy: C:\Python26\Lib\site-packages\reportlab\graphics\samples\simple_pie.py
200 File Copy: C:\Python26\Lib\site-packages\reportlab\graphics\samples\stacked_bar.py
200 File Copy: C:\Python26\Lib\site-packages\reportlab\graphics\samples\stacked_column.py
200 File Copy: C:\Python26\Lib\site-packages\reportlab\graphics\samples\__init__.py
100 Made Dir: C:\Python26\Lib\site-packages\reportlab\graphics\widgets
200 File Copy: C:\Python26\Lib\site-packages\reportlab\graphics\widgets\eventcal.py
200 File Copy: C:\Python26\Lib\site-packages\reportlab\graphics\widgets\flags.py
200 File Copy: C:\Python26\Lib\site-packages\reportlab\graphics\widgets\grids.py
200 File Copy: C:\Python26\Lib\site-packages\reportlab\graphics\widgets\markers.py
200 File Copy: C:\Python26\Lib\site-packages\reportlab\graphics\widgets\signsandsymbols.py
200 File Copy: C:\Python26\Lib\site-packages\reportlab\graphics\widgets\table.py
200 File Copy: C:\Python26\Lib\site-packages\reportlab\graphics\widgets\__init__.py
100 Made Dir: C:\Python26\Lib\site-packages\reportlab\lib
200 File Copy: C:\Python26\Lib\site-packages\reportlab\lib\abag.py
200 File Copy: C:\Python26\Lib\site-packages\reportlab\lib\arciv.py
200 File Copy: C:\Python26\Lib\site-packages\reportlab\lib\attrmap.py
200 File Copy: C:\Python26\Lib\site-packages\reportlab\lib\boxstuff.py
200 File Copy: C:\Python26\Lib\site-packages\reportlab\lib\codecharts.py
200 File Copy: C:\Python26\Lib\site-packages\reportlab\lib\colors.py
200 File Copy: C:\Python26\Lib\site-packages\reportlab\lib\corp.py
200 File Copy: C:\Python26\Lib\site-packages\reportlab\lib\enums.py
200 File Copy: C:\Python26\Lib\site-packages\reportlab\lib\extformat.py
200 File Copy: C:\Python26\Lib\site-packages\reportlab\lib\fontfinder.py
200 File Copy: C:\Python26\Lib\site-packages\reportlab\lib\fonts.py
200 File Copy: C:\Python26\Lib\site-packages\reportlab\lib\formatters.py
200 File Copy: C:\Python26\Lib\site-packages\reportlab\lib\geomutils.py
200 File Copy: C:\Python26\Lib\site-packages\reportlab\lib\hyphen.mashed
200 File Copy: C:\Python26\Lib\site-packages\reportlab\lib\logger.py
200 File Copy: C:\Python26\Lib\site-packages\reportlab\lib\normalDate.py
200 File Copy: C:\Python26\Lib\site-packages\reportlab\lib\pagesizes.py
200 File Copy: C:\Python26\Lib\site-packages\reportlab\lib\pdfencrypt.py
200 File Copy: C:\Python26\Lib\site-packages\reportlab\lib\PyFontify.py
200 File Copy: C:\Python26\Lib\site-packages\reportlab\lib\pygments2xpre.py
200 File Copy: C:\Python26\Lib\site-packages\reportlab\lib\randomtext.py
200 File Copy: C:\Python26\Lib\site-packages\reportlab\lib\rltempfile.py
200 File Copy: C:\Python26\Lib\site-packages\reportlab\lib\rparsexml.py
200 File Copy: C:\Python26\Lib\site-packages\reportlab\lib\sequencer.py
200 File Copy: C:\Python26\Lib\site-packages\reportlab\lib\set_ops.py
200 File Copy: C:\Python26\Lib\site-packages\reportlab\lib\styles.py
200 File Copy: C:\Python26\Lib\site-packages\reportlab\lib\testutils.py
200 File Copy: C:\Python26\Lib\site-packages\reportlab\lib\textsplit.py
200 File Copy: C:\Python26\Lib\site-packages\reportlab\lib\units.py
200 File Copy: C:\Python26\Lib\site-packages\reportlab\lib\utils.py
200 File Copy: C:\Python26\Lib\site-packages\reportlab\lib\validators.py
200 File Copy: C:\Python26\Lib\site-packages\reportlab\lib\xmllib.py
200 File Copy: C:\Python26\Lib\site-packages\reportlab\lib\yaml.py
200 File Copy: C:\Python26\Lib\site-packages\reportlab\lib\__init__.py
200 File Copy: C:\Python26\Lib\site-packages\reportlab\pdfbase\cidfonts.py
200 File Copy: C:\Python26\Lib\site-packages\reportlab\pdfbase\pdfdoc.py
200 File Copy: C:\Python26\Lib\site-packages\reportlab\pdfbase\pdfform.py
200 File Copy: C:\Python26\Lib\site-packages\reportlab\pdfbase\pdfmetrics.py
200 File Copy: C:\Python26\Lib\site-packages\reportlab\pdfbase\pdfpattern.py
200 File Copy: C:\Python26\Lib\site-packages\reportlab\pdfbase\pdfutils.py
200 File Copy: C:\Python26\Lib\site-packages\reportlab\pdfbase\rl_codecs.py
200 File Copy: C:\Python26\Lib\site-packages\reportlab\pdfbase\ttfonts.py
200 File Copy: C:\Python26\Lib\site-packages\reportlab\pdfbase\_can_cmap_data.py
200 File Copy: C:\Python26\Lib\site-packages\reportlab\pdfbase\_cidfontdata.py
200 File Copy: C:\Python26\Lib\site-packages\reportlab\pdfbase\_fontdata.py
200 File Copy: C:\Python26\Lib\site-packages\reportlab\pdfbase\__init__.py
100 Made Dir: C:\Python26\Lib\site-packages\reportlab\pdfgen
200 File Copy: C:\Python26\Lib\site-packages\reportlab\pdfgen\canvas.py
200 File Copy: C:\Python26\Lib\site-packages\reportlab\pdfgen\pathobject.py
200 File Copy: C:\Python26\Lib\site-packages\reportlab\pdfgen\pdfgeom.py
200 File Copy: C:\Python26\Lib\site-packages\reportlab\pdfgen\pdfimages.py
200 File Copy: C:\Python26\Lib\site-packages\reportlab\pdfgen\pycanvas.py
200 File Copy: C:\Python26\Lib\site-packages\reportlab\pdfgen\textobject.py
200 File Copy: C:\Python26\Lib\site-packages\reportlab\pdfgen\__init__.py
100 Made Dir: C:\Python26\Lib\site-packages\reportlab\platypus
200 File Copy: C:\Python26\Lib\site-packages\reportlab\platypus\doctemplate.py
200 File Copy: C:\Python26\Lib\site-packages\reportlab\platypus\figures.py
200 File Copy: C:\Python26\Lib\site-packages\reportlab\platypus\flowables.py
200 File Copy: C:\Python26\Lib\site-packages\reportlab\platypus\frames.py
200 File Copy: C:\Python26\Lib\site-packages\reportlab\platypus\para.py
200 File Copy: C:\Python26\Lib\site-packages\reportlab\platypus\paragraph.py
200 File Copy: C:\Python26\Lib\site-packages\reportlab\platypus\paraparser.py
200 File Copy: C:\Python26\Lib\site-packages\reportlab\platypus\tableofcontents.py
200 File Copy: C:\Python26\Lib\site-packages\reportlab\platypus\tables.py
200 File Copy: C:\Python26\Lib\site-packages\reportlab\platypus\xpreformatted.py
200 File Copy: C:\Python26\Lib\site-packages\reportlab\platypus\__init__.py
200 File Copy: C:\Python26\Lib\site-packages\reportlab\platypus\__init__.pyc
200 File Copy: C:\Python26\Lib\site-packages\reportlab\platypus\xpreformatted.pyc
200 File Copy: C:\Python26\Lib\site-packages\reportlab\platypus\tables.pyc
200 File Copy: C:\Python26\Lib\site-packages\reportlab\platypus\tableofcontents.pyc
200 File Copy: C:\Python26\Lib\site-packages\reportlab\platypus\paraparser.pyc
200 File Copy: C:\Python26\Lib\site-packages\reportlab\platypus\paragraph.pyc
200 File Copy: C:\Python26\Lib\site-packages\reportlab\platypus\para.pyc
200 File Copy: C:\Python26\Lib\site-packages\reportlab\platypus\frames.pyc
200 File Copy: C:\Python26\Lib\site-packages\reportlab\platypus\flowables.pyc
200 File Copy: C:\Python26\Lib\site-packages\reportlab\platypus\figures.pyc
200 File Copy: C:\Python26\Lib\site-packages\reportlab\platypus\doctemplate.pyc
200 File Copy: C:\Python26\Lib\site-packages\reportlab\pdfgen\__init__.pyc
200 File Copy: C:\Python26\Lib\site-packages\reportlab\pdfgen\textobject.pyc
200 File Copy: C:\Python26\Lib\site-packages\reportlab\pdfgen\pycanvas.pyc
200 File Copy: C:\Python26\Lib\site-packages\reportlab\pdfgen\pdfimages.pyc
200 File Copy: C:\Python26\Lib\site-packages\reportlab\pdfgen\pdfgeom.pyc
200 File Copy: C:\Python26\Lib\site-packages\reportlab\pdfgen\pathobject.pyc
200 File Copy: C:\Python26\Lib\site-packages\reportlab\pdfgen\canvas.pyc
200 File Copy: C:\Python26\Lib\site-packages\reportlab\pdfbase\__init__.pyc
200 File Copy: C:\Python26\Lib\site-packages\reportlab\pdfbase\_fontdata.pyc
200 File Copy: C:\Python26\Lib\site-packages\reportlab\pdfbase\_cidfontdata.pyc
200 File Copy: C:\Python26\Lib\site-packages\reportlab\pdfbase\_can_cmap_data.pyc
200 File Copy: C:\Python26\Lib\site-packages\reportlab\pdfbase\ttfonts.pyc
200 File Copy: C:\Python26\Lib\site-packages\reportlab\pdfbase\rl_codecs.pyc
200 File Copy: C:\Python26\Lib\site-packages\reportlab\pdfbase\pdfutils.pyc
200 File Copy: C:\Python26\Lib\site-packages\reportlab\pdfbase\pdfpattern.pyc
200 File Copy: C:\Python26\Lib\site-packages\reportlab\pdfbase\pdfmetrics.pyc
200 File Copy: C:\Python26\Lib\site-packages\reportlab\pdfbase\pdfform.pyc
200 File Copy: C:\Python26\Lib\site-packages\reportlab\pdfbase\pdfdoc.pyc
200 File Copy: C:\Python26\Lib\site-packages\reportlab\pdfbase\cidfonts.pyc
200 File Copy: C:\Python26\Lib\site-packages\reportlab\lib\__init__.pyc
200 File Copy: C:\Python26\Lib\site-packages\reportlab\lib\yaml.pyc
200 File Copy: C:\Python26\Lib\site-packages\reportlab\lib\xmllib.pyc
200 File Copy: C:\Python26\Lib\site-packages\reportlab\lib\validators.pyc
200 File Copy: C:\Python26\Lib\site-packages\reportlab\lib\utils.pyc
200 File Copy: C:\Python26\Lib\site-packages\reportlab\lib\units.pyc
200 File Copy: C:\Python26\Lib\site-packages\reportlab\lib\textsplit.pyc
200 File Copy: C:\Python26\Lib\site-packages\reportlab\lib\testutils.pyc
200 File Copy: C:\Python26\Lib\site-packages\reportlab\lib\styles.pyc
200 File Copy: C:\Python26\Lib\site-packages\reportlab\lib\set_ops.pyc
200 File Copy: C:\Python26\Lib\site-packages\reportlab\lib\sequencer.pyc
200 File Copy: C:\Python26\Lib\site-packages\reportlab\lib\rparsexml.pyc
200 File Copy: C:\Python26\Lib\site-packages\reportlab\lib\rltempfile.pyc
200 File Copy: C:\Python26\Lib\site-packages\reportlab\lib\randomtext.pyc
200 File Copy: C:\Python26\Lib\site-packages\reportlab\lib\pygments2xpre.pyc
200 File Copy: C:\Python26\Lib\site-packages\reportlab\lib\PyFontify.pyc
200 File Copy: C:\Python26\Lib\site-packages\reportlab\lib\pdfencrypt.pyc
200 File Copy: C:\Python26\Lib\site-packages\reportlab\lib\pagesizes.pyc
200 File Copy: C:\Python26\Lib\site-packages\reportlab\lib\normalDate.pyc
200 File Copy: C:\Python26\Lib\site-packages\reportlab\lib\logger.pyc
200 File Copy: C:\Python26\Lib\site-packages\reportlab\lib\geomutils.pyc
200 File Copy: C:\Python26\Lib\site-packages\reportlab\lib\formatters.pyc
200 File Copy: C:\Python26\Lib\site-packages\reportlab\lib\fonts.pyc
200 File Copy: C:\Python26\Lib\site-packages\reportlab\lib\fontfinder.pyc
200 File Copy: C:\Python26\Lib\site-packages\reportlab\lib\extformat.pyc
200 File Copy: C:\Python26\Lib\site-packages\reportlab\lib\enums.pyc
200 File Copy: C:\Python26\Lib\site-packages\reportlab\lib\corp.pyc
200 File Copy: C:\Python26\Lib\site-packages\reportlab\lib\colors.pyc
200 File Copy: C:\Python26\Lib\site-packages\reportlab\lib\codecharts.pyc
200 File Copy: C:\Python26\Lib\site-packages\reportlab\lib\boxstuff.pyc
200 File Copy: C:\Python26\Lib\site-packages\reportlab\lib\attrmap.pyc
200 File Copy: C:\Python26\Lib\site-packages\reportlab\lib\arciv.pyc
200 File Copy: C:\Python26\Lib\site-packages\reportlab\lib\abag.pyc
200 File Copy: C:\Python26\Lib\site-packages\reportlab\graphics\widgets\__init__.pyc
200 File Copy: C:\Python26\Lib\site-packages\reportlab\graphics\widgets\table.pyc
200 File Copy: C:\Python26\Lib\site-packages\reportlab\graphics\widgets\signsandsymbols.pyc
200 File Copy: C:\Python26\Lib\site-packages\reportlab\graphics\widgets\markers.pyc
200 File Copy: C:\Python26\Lib\site-packages\reportlab\graphics\widgets\grids.pyc
200 File Copy: C:\Python26\Lib\site-packages\reportlab\graphics\widgets\flags.pyc
200 File Copy: C:\Python26\Lib\site-packages\reportlab\graphics\widgets\eventcal.pyc
200 File Copy: C:\Python26\Lib\site-packages\reportlab\graphics\samples\__init__.pyc
200 File Copy: C:\Python26\Lib\site-packages\reportlab\graphics\samples\stacked_column.pyc
200 File Copy: C:\Python26\Lib\site-packages\reportlab\graphics\samples\stacked_bar.pyc
200 File Copy: C:\Python26\Lib\site-packages\reportlab\graphics\samples\simple_pie.pyc
200 File Copy: C:\Python26\Lib\site-packages\reportlab\graphics\samples\scatter_lines_markers.pyc
200 File Copy: C:\Python26\Lib\site-packages\reportlab\graphics\samples\scatter_lines.pyc
200 File Copy: C:\Python26\Lib\site-packages\reportlab\graphics\samples\scatter.pyc
200 File Copy: C:\Python26\Lib\site-packages\reportlab\graphics\samples\runall.pyc
200 File Copy: C:\Python26\Lib\site-packages\reportlab\graphics\samples\radar.pyc
200 File Copy: C:\Python26\Lib\site-packages\reportlab\graphics\samples\line_chart.pyc
200 File Copy: C:\Python26\Lib\site-packages\reportlab\graphics\samples\linechart_with_markers.pyc
200 File Copy: C:\Python26\Lib\site-packages\reportlab\graphics\samples\filled_radar.pyc
200 File Copy: C:\Python26\Lib\site-packages\reportlab\graphics\samples\exploded_pie.pyc
200 File Copy: C:\Python26\Lib\site-packages\reportlab\graphics\samples\excelcolors.pyc
200 File Copy: C:\Python26\Lib\site-packages\reportlab\graphics\samples\clustered_column.pyc
200 File Copy: C:\Python26\Lib\site-packages\reportlab\graphics\samples\clustered_bar.pyc
200 File Copy: C:\Python26\Lib\site-packages\reportlab\graphics\samples\bubble.pyc
200 File Copy: C:\Python26\Lib\site-packages\reportlab\graphics\charts\__init__.pyc
200 File Copy: C:\Python26\Lib\site-packages\reportlab\graphics\charts\utils3d.pyc
200 File Copy: C:\Python26\Lib\site-packages\reportlab\graphics\charts\utils.pyc
200 File Copy: C:\Python26\Lib\site-packages\reportlab\graphics\charts\textlabels.pyc
200 File Copy: C:\Python26\Lib\site-packages\reportlab\graphics\charts\spider.pyc
200 File Copy: C:\Python26\Lib\site-packages\reportlab\graphics\charts\slidebox.pyc
200 File Copy: C:\Python26\Lib\site-packages\reportlab\graphics\charts\piecharts.pyc
200 File Copy: C:\Python26\Lib\site-packages\reportlab\graphics\charts\markers.pyc
200 File Copy: C:\Python26\Lib\site-packages\reportlab\graphics\charts\lineplots.pyc
200 File Copy: C:\Python26\Lib\site-packages\reportlab\graphics\charts\linecharts.pyc
200 File Copy: C:\Python26\Lib\site-packages\reportlab\graphics\charts\legends.pyc
200 File Copy: C:\Python26\Lib\site-packages\reportlab\graphics\charts\doughnut.pyc
200 File Copy: C:\Python26\Lib\site-packages\reportlab\graphics\charts\dotbox.pyc
200 File Copy: C:\Python26\Lib\site-packages\reportlab\graphics\charts\barcharts.pyc
200 File Copy: C:\Python26\Lib\site-packages\reportlab\graphics\charts\axes.pyc
200 File Copy: C:\Python26\Lib\site-packages\reportlab\graphics\charts\areas.pyc
200 File Copy: C:\Python26\Lib\site-packages\reportlab\graphics\barcode\__init__.pyc
200 File Copy: C:\Python26\Lib\site-packages\reportlab\graphics\barcode\widgets.pyc
200 File Copy: C:\Python26\Lib\site-packages\reportlab\graphics\barcode\usps4s.pyc
200 File Copy: C:\Python26\Lib\site-packages\reportlab\graphics\barcode\usps.pyc
200 File Copy: C:\Python26\Lib\site-packages\reportlab\graphics\barcode\test.pyc
200 File Copy: C:\Python26\Lib\site-packages\reportlab\graphics\barcode\lto.pyc
200 File Copy: C:\Python26\Lib\site-packages\reportlab\graphics\barcode\fourstate.pyc
200 File Copy: C:\Python26\Lib\site-packages\reportlab\graphics\barcode\eanbc.pyc
200 File Copy: C:\Python26\Lib\site-packages\reportlab\graphics\barcode\common.pyc
200 File Copy: C:\Python26\Lib\site-packages\reportlab\graphics\barcode\code93.pyc
200 File Copy: C:\Python26\Lib\site-packages\reportlab\graphics\barcode\code39.pyc
200 File Copy: C:\Python26\Lib\site-packages\reportlab\graphics\barcode\code128.pyc
200 File Copy: C:\Python26\Lib\site-packages\reportlab\graphics\__init__.pyc
200 File Copy: C:\Python26\Lib\site-packages\reportlab\graphics\widgetbase.pyc
200 File Copy: C:\Python26\Lib\site-packages\reportlab\graphics\testshapes.pyc
200 File Copy: C:\Python26\Lib\site-packages\reportlab\graphics\testdrawings.pyc
200 File Copy: C:\Python26\Lib\site-packages\reportlab\graphics\shapes.pyc
200 File Copy: C:\Python26\Lib\site-packages\reportlab\graphics\renderSVG.pyc
200 File Copy: C:\Python26\Lib\site-packages\reportlab\graphics\renderPS.pyc
200 File Copy: C:\Python26\Lib\site-packages\reportlab\graphics\renderPM.pyc
200 File Copy: C:\Python26\Lib\site-packages\reportlab\graphics\renderPDF.pyc
200 File Copy: C:\Python26\Lib\site-packages\reportlab\graphics\renderbase.pyc
200 File Copy: C:\Python26\Lib\site-packages\reportlab\__init__.pyc
200 File Copy: C:\Python26\Lib\site-packages\reportlab\rl_config.pyc
200 File Copy: C:\Python26\Lib\site-packages\reportlab\platypus\__init__.pyo
200 File Copy: C:\Python26\Lib\site-packages\reportlab\platypus\xpreformatted.pyo
200 File Copy: C:\Python26\Lib\site-packages\reportlab\platypus\tables.pyo
200 File Copy: C:\Python26\Lib\site-packages\reportlab\platypus\tableofcontents.pyo
200 File Copy: C:\Python26\Lib\site-packages\reportlab\platypus\paraparser.pyo
200 File Copy: C:\Python26\Lib\site-packages\reportlab\platypus\paragraph.pyo
200 File Copy: C:\Python26\Lib\site-packages\reportlab\platypus\para.pyo
200 File Copy: C:\Python26\Lib\site-packages\reportlab\platypus\frames.pyo
200 File Copy: C:\Python26\Lib\site-packages\reportlab\platypus\flowables.pyo
200 File Copy: C:\Python26\Lib\site-packages\reportlab\platypus\figures.pyo
200 File Copy: C:\Python26\Lib\site-packages\reportlab\platypus\doctemplate.pyo
200 File Copy: C:\Python26\Lib\site-packages\reportlab\pdfgen\__init__.pyo
200 File Copy: C:\Python26\Lib\site-packages\reportlab\pdfgen\textobject.pyo
200 File Copy: C:\Python26\Lib\site-packages\reportlab\pdfgen\pycanvas.pyo
200 File Copy: C:\Python26\Lib\site-packages\reportlab\pdfgen\pdfimages.pyo
200 File Copy: C:\Python26\Lib\site-packages\reportlab\pdfgen\pdfgeom.pyo
200 File Copy: C:\Python26\Lib\site-packages\reportlab\pdfgen\pathobject.pyo
200 File Copy: C:\Python26\Lib\site-packages\reportlab\pdfgen\canvas.pyo
200 File Copy: C:\Python26\Lib\site-packages\reportlab\pdfbase\__init__.pyo
200 File Copy: C:\Python26\Lib\site-packages\reportlab\pdfbase\_fontdata.pyo
200 File Copy: C:\Python26\Lib\site-packages\reportlab\pdfbase\_cidfontdata.pyo
200 File Copy: C:\Python26\Lib\site-packages\reportlab\pdfbase\_can_cmap_data.pyo
200 File Copy: C:\Python26\Lib\site-packages\reportlab\pdfbase\ttfonts.pyo
200 File Copy: C:\Python26\Lib\site-packages\reportlab\pdfbase\rl_codecs.pyo
200 File Copy: C:\Python26\Lib\site-packages\reportlab\pdfbase\pdfutils.pyo
200 File Copy: C:\Python26\Lib\site-packages\reportlab\pdfbase\pdfpattern.pyo
200 File Copy: C:\Python26\Lib\site-packages\reportlab\pdfbase\pdfmetrics.pyo
200 File Copy: C:\Python26\Lib\site-packages\reportlab\pdfbase\pdfform.pyo
200 File Copy: C:\Python26\Lib\site-packages\reportlab\pdfbase\pdfdoc.pyo
200 File Copy: C:\Python26\Lib\site-packages\reportlab\pdfbase\cidfonts.pyo
200 File Copy: C:\Python26\Lib\site-packages\reportlab\lib\__init__.pyo
200 File Copy: C:\Python26\Lib\site-packages\reportlab\lib\yaml.pyo
200 File Copy: C:\Python26\Lib\site-packages\reportlab\lib\xmllib.pyo
200 File Copy: C:\Python26\Lib\site-packages\reportlab\lib\validators.pyo
200 File Copy: C:\Python26\Lib\site-packages\reportlab\lib\utils.pyo
200 File Copy: C:\Python26\Lib\site-packages\reportlab\lib\units.pyo
200 File Copy: C:\Python26\Lib\site-packages\reportlab\lib\textsplit.pyo
200 File Copy: C:\Python26\Lib\site-packages\reportlab\lib\testutils.pyo
200 File Copy: C:\Python26\Lib\site-packages\reportlab\lib\styles.pyo
200 File Copy: C:\Python26\Lib\site-packages\reportlab\lib\set_ops.pyo
200 File Copy: C:\Python26\Lib\site-packages\reportlab\lib\sequencer.pyo
200 File Copy: C:\Python26\Lib\site-packages\reportlab\lib\rparsexml.pyo
200 File Copy: C:\Python26\Lib\site-packages\reportlab\lib\rltempfile.pyo
200 File Copy: C:\Python26\Lib\site-packages\reportlab\lib\randomtext.pyo
200 File Copy: C:\Python26\Lib\site-packages\reportlab\lib\pygments2xpre.pyo
200 File Copy: C:\Python26\Lib\site-packages\reportlab\lib\PyFontify.pyo
200 File Copy: C:\Python26\Lib\site-packages\reportlab\lib\pdfencrypt.pyo
200 File Copy: C:\Python26\Lib\site-packages\reportlab\lib\pagesizes.pyo
200 File Copy: C:\Python26\Lib\site-packages\reportlab\lib\normalDate.pyo
200 File Copy: C:\Python26\Lib\site-packages\reportlab\lib\logger.pyo
200 File Copy: C:\Python26\Lib\site-packages\reportlab\lib\geomutils.pyo
200 File Copy: C:\Python26\Lib\site-packages\reportlab\lib\formatters.pyo
200 File Copy: C:\Python26\Lib\site-packages\reportlab\lib\fonts.pyo
200 File Copy: C:\Python26\Lib\site-packages\reportlab\lib\fontfinder.pyo
200 File Copy: C:\Python26\Lib\site-packages\reportlab\lib\extformat.pyo
200 File Copy: C:\Python26\Lib\site-packages\reportlab\lib\enums.pyo
200 File Copy: C:\Python26\Lib\site-packages\reportlab\lib\corp.pyo
200 File Copy: C:\Python26\Lib\site-packages\reportlab\lib\colors.pyo
200 File Copy: C:\Python26\Lib\site-packages\reportlab\lib\codecharts.pyo
200 File Copy: C:\Python26\Lib\site-packages\reportlab\lib\boxstuff.pyo
200 File Copy: C:\Python26\Lib\site-packages\reportlab\lib\attrmap.pyo
200 File Copy: C:\Python26\Lib\site-packages\reportlab\lib\arciv.pyo
200 File Copy: C:\Python26\Lib\site-packages\reportlab\lib\abag.pyo
200 File Copy: C:\Python26\Lib\site-packages\reportlab\graphics\widgets\__init__.pyo
200 File Copy: C:\Python26\Lib\site-packages\reportlab\graphics\widgets\table.pyo
200 File Copy: C:\Python26\Lib\site-packages\reportlab\graphics\widgets\signsandsymbols.pyo
200 File Copy: C:\Python26\Lib\site-packages\reportlab\graphics\widgets\markers.pyo
200 File Copy: C:\Python26\Lib\site-packages\reportlab\graphics\widgets\grids.pyo
200 File Copy: C:\Python26\Lib\site-packages\reportlab\graphics\widgets\flags.pyo
200 File Copy: C:\Python26\Lib\site-packages\reportlab\graphics\widgets\eventcal.pyo
200 File Copy: C:\Python26\Lib\site-packages\reportlab\graphics\samples\__init__.pyo
200 File Copy: C:\Python26\Lib\site-packages\reportlab\graphics\samples\stacked_column.pyo
200 File Copy: C:\Python26\Lib\site-packages\reportlab\graphics\samples\stacked_bar.pyo
200 File Copy: C:\Python26\Lib\site-packages\reportlab\graphics\samples\simple_pie.pyo
200 File Copy: C:\Python26\Lib\site-packages\reportlab\graphics\samples\scatter_lines_markers.pyo
200 File Copy: C:\Python26\Lib\site-packages\reportlab\graphics\samples\scatter_lines.pyo
200 File Copy: C:\Python26\Lib\site-packages\reportlab\graphics\samples\scatter.pyo
200 File Copy: C:\Python26\Lib\site-packages\reportlab\graphics\samples\runall.pyo
200 File Copy: C:\Python26\Lib\site-packages\reportlab\graphics\samples\radar.pyo
200 File Copy: C:\Python26\Lib\site-packages\reportlab\graphics\samples\line_chart.pyo
200 File Copy: C:\Python26\Lib\site-packages\reportlab\graphics\samples\linechart_with_markers.pyo
200 File Copy: C:\Python26\Lib\site-packages\reportlab\graphics\samples\filled_radar.pyo
200 File Copy: C:\Python26\Lib\site-packages\reportlab\graphics\samples\exploded_pie.pyo
200 File Copy: C:\Python26\Lib\site-packages\reportlab\graphics\samples\excelcolors.pyo
200 File Copy: C:\Python26\Lib\site-packages\reportlab\graphics\samples\clustered_column.pyo
200 File Copy: C:\Python26\Lib\site-packages\reportlab\graphics\samples\clustered_bar.pyo
200 File Copy: C:\Python26\Lib\site-packages\reportlab\graphics\samples\bubble.pyo
200 File Copy: C:\Python26\Lib\site-packages\reportlab\graphics\charts\__init__.pyo
200 File Copy: C:\Python26\Lib\site-packages\reportlab\graphics\charts\utils3d.pyo
200 File Copy: C:\Python26\Lib\site-packages\reportlab\graphics\charts\utils.pyo
200 File Copy: C:\Python26\Lib\site-packages\reportlab\graphics\charts\textlabels.pyo
200 File Copy: C:\Python26\Lib\site-packages\reportlab\graphics\charts\spider.pyo
200 File Copy: C:\Python26\Lib\site-packages\reportlab\graphics\charts\slidebox.pyo
200 File Copy: C:\Python26\Lib\site-packages\reportlab\graphics\charts\piecharts.pyo
200 File Copy: C:\Python26\Lib\site-packages\reportlab\graphics\charts\markers.pyo
200 File Copy: C:\Python26\Lib\site-packages\reportlab\graphics\charts\lineplots.pyo
200 File Copy: C:\Python26\Lib\site-packages\reportlab\graphics\charts\linecharts.pyo
200 File Copy: C:\Python26\Lib\site-packages\reportlab\graphics\charts\legends.pyo
200 File Copy: C:\Python26\Lib\site-packages\reportlab\graphics\charts\doughnut.pyo
200 File Copy: C:\Python26\Lib\site-packages\reportlab\graphics\charts\dotbox.pyo
200 File Copy: C:\Python26\Lib\site-packages\reportlab\graphics\charts\barcharts.pyo
200 File Copy: C:\Python26\Lib\site-packages\reportlab\graphics\charts\axes.pyo
200 File Copy: C:\Python26\Lib\site-packages\reportlab\graphics\charts\areas.pyo
200 File Copy: C:\Python26\Lib\site-packages\reportlab\graphics\barcode\__init__.pyo
200 File Copy: C:\Python26\Lib\site-packages\reportlab\graphics\barcode\widgets.pyo
200 File Copy: C:\Python26\Lib\site-packages\reportlab\graphics\barcode\usps4s.pyo
200 File Copy: C:\Python26\Lib\site-packages\reportlab\graphics\barcode\usps.pyo
200 File Copy: C:\Python26\Lib\site-packages\reportlab\graphics\barcode\test.pyo
200 File Copy: C:\Python26\Lib\site-packages\reportlab\graphics\barcode\lto.pyo
200 File Copy: C:\Python26\Lib\site-packages\reportlab\graphics\barcode\fourstate.pyo
200 File Copy: C:\Python26\Lib\site-packages\reportlab\graphics\barcode\eanbc.pyo
200 File Copy: C:\Python26\Lib\site-packages\reportlab\graphics\barcode\common.pyo
200 File Copy: C:\Python26\Lib\site-packages\reportlab\graphics\barcode\code93.pyo
200 File Copy: C:\Python26\Lib\site-packages\reportlab\graphics\barcode\code39.pyo
200 File Copy: C:\Python26\Lib\site-packages\reportlab\graphics\barcode\code128.pyo
200 File Copy: C:\Python26\Lib\site-packages\reportlab\graphics\__init__.pyo
200 File Copy: C:\Python26\Lib\site-packages\reportlab\graphics\widgetbase.pyo
200 File Copy: C:\Python26\Lib\site-packages\reportlab\graphics\testshapes.pyo
200 File Copy: C:\Python26\Lib\site-packages\reportlab\graphics\testdrawings.pyo
200 File Copy: C:\Python26\Lib\site-packages\reportlab\graphics\shapes.pyo
200 File Copy: C:\Python26\Lib\site-packages\reportlab\graphics\renderSVG.pyo
200 File Copy: C:\Python26\Lib\site-packages\reportlab\graphics\renderPS.pyo
200 File Copy: C:\Python26\Lib\site-packages\reportlab\graphics\renderPM.pyo
200 File Copy: C:\Python26\Lib\site-packages\reportlab\graphics\renderPDF.pyo
200 File Copy: C:\Python26\Lib\site-packages\reportlab\graphics\renderbase.pyo
200 File Copy: C:\Python26\Lib\site-packages\reportlab\__init__.pyo
200 File Copy: C:\Python26\Lib\site-packages\reportlab\rl_config.pyo
