This is pdfeTeX, Version 3.141592-1.21a-2.2 (Web2C 7.5.4) (format=latex 2006.3.24)  21 SEP 2006 12:24
entering extended mode
**refman.tex
(./refman.tex
LaTeX2e <2003/12/01>
Babel <v3.8d> and hyphenation patterns for american, french, german, ngerman, b
ahasa, basque, bulgarian, catalan, croatian, czech, danish, dutch, esperanto, e
stonian, finnish, greek, icelandic, irish, italian, latin, magyar, norsk, polis
h, portuges, romanian, russian, serbian, slovak, slovene, spanish, swedish, tur
kish, ukrainian, nohyphenation, loaded.
(/usr/share/texmf/tex/latex/base/book.cls
Document Class: book 2004/02/16 v1.4f Standard LaTeX document class
(/usr/share/texmf/tex/latex/base/bk10.clo
File: bk10.clo 2004/02/16 v1.4f Standard LaTeX file (size option)
)
\c@part=\count79
\c@chapter=\count80
\c@section=\count81
\c@subsection=\count82
\c@subsubsection=\count83
\c@paragraph=\count84
\c@subparagraph=\count85
\c@figure=\count86
\c@table=\count87
\abovecaptionskip=\skip41
\belowcaptionskip=\skip42
\bibindent=\dimen102
)
(/usr/share/texmf/tex/latex/a4wide/a4wide.sty
Package: a4wide 1994/08/30

(/usr/share/texmf/tex/latex/ntgclass/a4.sty
Package: a4 2004/04/15 v1.2g A4 based page layout
))
(/usr/share/texmf/tex/latex/base/makeidx.sty
Package: makeidx 2000/03/29 v1.0m Standard LaTeX package
)
(/usr/share/texmf/tex/latex/fancyhdr/fancyhdr.sty
\fancy@headwidth=\skip43
\f@ncyO@elh=\skip44
\f@ncyO@erh=\skip45
\f@ncyO@olh=\skip46
\f@ncyO@orh=\skip47
\f@ncyO@elf=\skip48
\f@ncyO@erf=\skip49
\f@ncyO@olf=\skip50
\f@ncyO@orf=\skip51
)
(/usr/share/texmf/tex/latex/graphics/graphicx.sty
Package: graphicx 1999/02/16 v1.0f Enhanced LaTeX Graphics (DPC,SPQR)

(/usr/share/texmf/tex/latex/graphics/keyval.sty
Package: keyval 1999/03/16 v1.13 key=value parser (DPC)
\KV@toks@=\toks14
)
(/usr/share/texmf/tex/latex/graphics/graphics.sty
Package: graphics 2001/07/07 v1.0n Standard LaTeX Graphics (DPC,SPQR)

(/usr/share/texmf/tex/latex/graphics/trig.sty
Package: trig 1999/03/16 v1.09 sin cos tan (DPC)
)
(/usr/share/texmf/tex/latex/graphics/graphics.cfg
File: graphics.cfg 2005/02/03 v1.3 graphics configuration of teTeX/TeXLive
)
Package graphics Info: Driver file: dvips.def on input line 80.

(/usr/share/texmf/tex/latex/graphics/dvips.def
File: dvips.def 1999/02/16 v3.0i Driver-dependant file (DPC,SPQR)
))
\Gin@req@height=\dimen103
\Gin@req@width=\dimen104
)
(/usr/share/texmf/tex/latex/tools/multicol.sty
Package: multicol 2004/02/14 v1.6e multicolumn formatting (FMi)
\c@tracingmulticols=\count88
\mult@box=\box26
\multicol@leftmargin=\dimen105
\c@unbalance=\count89
\c@collectmore=\count90
\doublecol@number=\count91
\multicoltolerance=\count92
\multicolpretolerance=\count93
\full@width=\dimen106
\page@free=\dimen107
\premulticols=\dimen108
\postmulticols=\dimen109
\multicolsep=\skip52
\multicolbaselineskip=\skip53
\partial@page=\box27
\last@line=\box28
\mult@rightbox=\box29
\mult@grightbox=\box30
\mult@gfirstbox=\box31
\mult@firstbox=\box32
\@tempa=\box33
\@tempa=\box34
\@tempa=\box35
\@tempa=\box36
\@tempa=\box37
\@tempa=\box38
\@tempa=\box39
\@tempa=\box40
\@tempa=\box41
\@tempa=\box42
\@tempa=\box43
\@tempa=\box44
\@tempa=\box45
\@tempa=\box46
\@tempa=\box47
\@tempa=\box48
\@tempa=\box49
\c@columnbadness=\count94
\c@finalcolumnbadness=\count95
\last@try=\dimen110
\multicolovershoot=\dimen111
\multicolundershoot=\dimen112
\mult@nat@firstbox=\box50
\colbreak@box=\box51
)
(/usr/share/texmf/tex/latex/float/float.sty
Package: float 2001/11/08 v1.3d Float enhancements (AL)
\c@float@type=\count96
\float@exts=\toks15
\float@box=\box52
\@float@everytoks=\toks16
\@floatcapt=\box53
)
(/usr/share/texmf/tex/latex/base/textcomp.sty
Package: textcomp 2004/02/22 v1.99f Standard LaTeX package
Package textcomp Info: Sub-encoding information:
(textcomp)               5 = only ISO-Adobe without \textcurrency
(textcomp)               4 = 5 + \texteuro
(textcomp)               3 = 4 + \textohm
(textcomp)               2 = 3 + \textestimated + \textcurrency
(textcomp)               1 = TS1 - \textcircled - \t
(textcomp)               0 = TS1 (full)
(textcomp)             Font families with sub-encoding setting implement
(textcomp)             only a restricted character set as indicated.
(textcomp)             Family '?' is the default used for unknown fonts.
(textcomp)             See the documentation for details.
Package textcomp Info: Setting ? sub-encoding to TS1/1 on input line 71.

(/usr/share/texmf/tex/latex/base/ts1enc.def
File: ts1enc.def 2001/06/05 v3.0e (jk/car/fm) Standard LaTeX file
)
LaTeX Info: Redefining \oldstylenums on input line 266.
Package textcomp Info: Setting cmr sub-encoding to TS1/0 on input line 281.
Package textcomp Info: Setting cmss sub-encoding to TS1/0 on input line 282.
Package textcomp Info: Setting cmtt sub-encoding to TS1/0 on input line 283.
Package textcomp Info: Setting cmvtt sub-encoding to TS1/0 on input line 284.
Package textcomp Info: Setting cmbr sub-encoding to TS1/0 on input line 285.
Package textcomp Info: Setting cmtl sub-encoding to TS1/0 on input line 286.
Package textcomp Info: Setting ccr sub-encoding to TS1/0 on input line 287.
Package textcomp Info: Setting ptm sub-encoding to TS1/4 on input line 288.
Package textcomp Info: Setting pcr sub-encoding to TS1/4 on input line 289.
Package textcomp Info: Setting phv sub-encoding to TS1/4 on input line 290.
Package textcomp Info: Setting ppl sub-encoding to TS1/3 on input line 291.
Package textcomp Info: Setting pag sub-encoding to TS1/4 on input line 292.
Package textcomp Info: Setting pbk sub-encoding to TS1/4 on input line 293.
Package textcomp Info: Setting pnc sub-encoding to TS1/4 on input line 294.
Package textcomp Info: Setting pzc sub-encoding to TS1/4 on input line 295.
Package textcomp Info: Setting bch sub-encoding to TS1/4 on input line 296.
Package textcomp Info: Setting put sub-encoding to TS1/5 on input line 297.
Package textcomp Info: Setting uag sub-encoding to TS1/5 on input line 298.
Package textcomp Info: Setting ugq sub-encoding to TS1/5 on input line 299.
Package textcomp Info: Setting ul8 sub-encoding to TS1/4 on input line 300.
Package textcomp Info: Setting ul9 sub-encoding to TS1/4 on input line 301.
Package textcomp Info: Setting augie sub-encoding to TS1/5 on input line 302.
Package textcomp Info: Setting dayrom sub-encoding to TS1/3 on input line 303.
Package textcomp Info: Setting dayroms sub-encoding to TS1/3 on input line 304.

Package textcomp Info: Setting pxr sub-encoding to TS1/0 on input line 305.
Package textcomp Info: Setting pxss sub-encoding to TS1/0 on input line 306.
Package textcomp Info: Setting pxtt sub-encoding to TS1/0 on input line 307.
Package textcomp Info: Setting txr sub-encoding to TS1/0 on input line 308.
Package textcomp Info: Setting txss sub-encoding to TS1/0 on input line 309.
Package textcomp Info: Setting txtt sub-encoding to TS1/0 on input line 310.
Package textcomp Info: Setting futs sub-encoding to TS1/4 on input line 311.
Package textcomp Info: Setting futx sub-encoding to TS1/4 on input line 312.
Package textcomp Info: Setting futj sub-encoding to TS1/4 on input line 313.
Package textcomp Info: Setting hlh sub-encoding to TS1/3 on input line 314.
Package textcomp Info: Setting hls sub-encoding to TS1/3 on input line 315.
Package textcomp Info: Setting hlst sub-encoding to TS1/3 on input line 316.
Package textcomp Info: Setting hlct sub-encoding to TS1/5 on input line 317.
Package textcomp Info: Setting hlx sub-encoding to TS1/5 on input line 318.
Package textcomp Info: Setting hlce sub-encoding to TS1/5 on input line 319.
Package textcomp Info: Setting hlcn sub-encoding to TS1/5 on input line 320.
Package textcomp Info: Setting hlcw sub-encoding to TS1/5 on input line 321.
Package textcomp Info: Setting hlcf sub-encoding to TS1/5 on input line 322.
Package textcomp Info: Setting pplx sub-encoding to TS1/3 on input line 323.
Package textcomp Info: Setting pplj sub-encoding to TS1/3 on input line 324.
Package textcomp Info: Setting ptmx sub-encoding to TS1/4 on input line 325.
Package textcomp Info: Setting ptmj sub-encoding to TS1/4 on input line 326.
)
(/usr/share/texmf/tex/latex/base/alltt.sty
Package: alltt 1997/06/16 v2.0g defines alltt environment
)
(/usr/share/texmf/tex/generic/babel/babel.sty
Package: babel 2004/11/20 v3.8d The Babel package

(/usr/share/texmf/tex/generic/babel/spanish.ldf
Language: spanish.ldf 2004/02/20 v4.2b Spanish support from the babel system

(/usr/share/texmf/tex/generic/babel/babel.def
File: babel.def 2004/11/20 v3.8d Babel common definitions
\babel@savecnt=\count97
\U@D=\dimen113
)
\es@quottoks=\toks17
\es@quotdepth=\count98
Package babel Info: Making . an active character on input line 509.
Package babel Info: Making " an active character on input line 540.
Package babel Info: Making < an active character on input line 641.
Package babel Info: Making > an active character on input line 642.
)) (./doxygen.sty
Package: doxygen 

(/usr/share/texmf/tex/latex/tools/calc.sty
Package: calc 1998/07/07 v4.1b Infix arithmetic (KKT,FJ)
\calc@Acount=\count99
\calc@Bcount=\count100
\calc@Adimen=\dimen114
\calc@Bdimen=\dimen115
\calc@Askip=\skip54
\calc@Bskip=\skip55
LaTeX Info: Redefining \setlength on input line 59.
LaTeX Info: Redefining \addtolength on input line 60.
\calc@denominator=\count101
)
(/usr/share/texmf/tex/latex/tools/array.sty
Package: array 2003/12/17 v2.4a Tabular extension package (FMi)
\col@sep=\dimen116
\extrarowheight=\dimen117
\NC@list=\toks18
\extratabsurround=\skip56
\backup@length=\skip57
)
\tmplength=\skip58
)
(/usr/share/texmf/tex/latex/base/fontenc.sty
Package: fontenc 2004/02/22 v1.99f Standard LaTeX package

(/usr/share/texmf/tex/latex/base/t1enc.def
File: t1enc.def 2004/02/22 v1.99f Standard LaTeX file
LaTeX Font Info:    Redeclaring font encoding T1 on input line 43.
))
\@indexfile=\write3
\openout3 = `refman.idx'.


Writing index file refman.idx
(./refman.aux (./classAlbaranCliente.aux) (./classAlbaranClienteListSubform.aux
) (./classAlbaranClienteView.aux) (./classAlbaranesProveedor.aux)
(./classAlbaranesProveedorListSubform.aux) (./classAlbaranProveedor.aux)
(./classAlbaranProveedorView.aux) (./classArticulo.aux)
(./classArticuloList.aux) (./classArticuloListSubForm.aux)
(./classArticuloView.aux) (./classbulmafact.aux) (./classBusquedaAlmacen.aux)
(./classBusquedaArticulo.aux) (./classBusquedaCliente.aux)
(./classBusquedaFamilia.aux) (./classBusquedaFormaPago.aux)
(./classBusquedaProveedor.aux) (./classBusquedaProvincia.aux)
(./classBusquedaReferencia.aux) (./classBusquedaSerieFactura.aux)
(./classBusquedaTipoArticulo.aux) (./classBusquedaTrabajador.aux)
(./classCliente.aux) (./classClienteListSubform.aux) (./classClienteView.aux)
(./classClientsList.aux) (./classCobro.aux) (./classCobrosList.aux)
(./classCobrosListSubForm.aux) (./classCobroView.aux) (./classcompany.aux)
(./classCompArticulo.aux) (./classDescuentoPresupuesto.aux) (./classFactura.aux
) (./classFacturaProveedor.aux) (./classFacturaProveedorView.aux)
(./classFacturasList.aux) (./classFacturasListSubform.aux)
(./classFacturasProveedorList.aux) (./classFacturasProveedorListSubform.aux)
(./classFacturaView.aux) (./classfamiliasview.aux) (./classFPagoView.aux)
(./classInformeCliente.aux) (./classInformeClientes.aux)
(./classInformeReferencia.aux) (./classInventario.aux)
(./classInventariosSubForm.aux) (./classInventariosView.aux)
(./classInventarioView.aux) (./classlinpresupuesto.aux)
(./classListAlmacenSubForm.aux) (./classListAlmacenView.aux)
(./classListCompArticulo.aux) (./classListCompArticuloView.aux)
(./classListConfiguracionSubForm.aux) (./classListConfiguracionView.aux)
(./classListControlStockView.aux) (./classListDescuentoAlbaranClienteView.aux)
(./classListDescuentoAlbaranProvView.aux)
(./classListDescuentoFacturaProvView.aux) (./classListDescuentoFacturaView.aux)
(./classListDescuentoPedidoClienteView.aux)
(./classListDescuentoPedidoProveedorView.aux)
(./classListDescuentoPresupuesto.aux) (./classListDescuentoPresupuestoView.aux)
(./classListLinAlbaranClienteView.aux) (./classListLinAlbaranProveedorView.aux)
(./classListLinFacturaProveedorView.aux) (./classListLinFacturaView.aux)
(./classListLinPedidoClienteView.aux) (./classListLinPedidoProveedorView.aux)
(./classlistlinpresupuesto.aux) (./classlistlinpresupuestoview.aux)
(./classListProvinciasView.aux) (./classListSerieFacturaSubForm.aux)
(./classListSerieFacturaView.aux) (./classPago.aux) (./classPagosList.aux)
(./classPagosListSubForm.aux) (./classPagoView.aux) (./classPedidoCliente.aux)
(./classPedidoClienteView.aux) (./classPedidoProveedor.aux)
(./classPedidoProveedorView.aux) (./classPedidosClienteList.aux)
(./classPedidosClienteListSubform.aux) (./classPedidosProveedorList.aux)
(./classPedidosProveedorListSubform.aux) (./classpresupuesto.aux)
(./classPresupuestoList.aux) (./classPresupuestoListSubForm.aux)
(./classPresupuestoView.aux) (./classProveedorList.aux)
(./classProveedorListSubform.aux) (./classProveedorView.aux) (./classSplash.aux
) (./classSubForm2Bf.aux) (./classTipoArticuloList.aux)
(./classTrabajadorView.aux))
\openout1 = `refman.aux'.

LaTeX Font Info:    Checking defaults for OML/cmm/m/it on input line 15.
LaTeX Font Info:    ... okay on input line 15.
LaTeX Font Info:    Checking defaults for T1/cmr/m/n on input line 15.
LaTeX Font Info:    ... okay on input line 15.
LaTeX Font Info:    Checking defaults for OT1/cmr/m/n on input line 15.
LaTeX Font Info:    ... okay on input line 15.
LaTeX Font Info:    Checking defaults for OMS/cmsy/m/n on input line 15.
LaTeX Font Info:    ... okay on input line 15.
LaTeX Font Info:    Checking defaults for OMX/cmex/m/n on input line 15.
LaTeX Font Info:    ... okay on input line 15.
LaTeX Font Info:    Checking defaults for U/cmr/m/n on input line 15.
LaTeX Font Info:    ... okay on input line 15.
LaTeX Font Info:    Checking defaults for TS1/cmr/m/n on input line 15.
LaTeX Font Info:    Try loading font information for TS1+cmr on input line 15.
 (/usr/share/texmf/tex/latex/base/ts1cmr.fd
File: ts1cmr.fd 1999/05/25 v2.5h Standard LaTeX font definitions
)
LaTeX Font Info:    ... okay on input line 15.

[1


] [2

] (./refman.toc
LaTeX Font Info:    External font `cmex10' loaded for size
(Font)              <7> on input line 3.
LaTeX Font Info:    External font `cmex10' loaded for size
(Font)              <5> on input line 3.
 [1

]
Underfull \vbox (badness 1389) has occurred while \output is active []



Package Fancyhdr Warning: \headheight is too small (12.0pt): 
 Make it at least 12.36252pt.
 We now make it that large for the rest of the document.
 This may cause the page layout to be inconsistent, however.

[2]
Underfull \vbox (badness 1389) has occurred while \output is active []



Package Fancyhdr Warning: \headheight is too small (12.0pt): 
 Make it at least 12.36252pt.
 We now make it that large for the rest of the document.
 This may cause the page layout to be inconsistent, however.

[3]
Overfull \hbox (2.55492pt too wide) detected at line 426
\T1/cmr/m/n/10 3.100. 
 []


Overfull \hbox (2.55492pt too wide) detected at line 431
\T1/cmr/m/n/10 3.101. 
 []


Overfull \hbox (2.55492pt too wide) detected at line 443
\T1/cmr/m/n/10 3.102. 
 []

)
\tf@toc=\write4
\openout4 = `refman.toc'.



Package Fancyhdr Warning: \headheight is too small (12.0pt): 
 Make it at least 12.36252pt.
 We now make it that large for the rest of the document.
 This may cause the page layout to be inconsistent, however.

[4]
Cap\'{\i }tulo 1.
(./hierarchy.tex [1


] [2]) [3] [4

]
Cap\'{\i }tulo 2.
(./annotated.tex [5] [6]) [7] [8

]
Cap\'{\i }tulo 3.
(./classAboutView.tex
LaTeX Font Info:    Try loading font information for T1+cmtt on input line 6.
 (/usr/share/texmf/tex/latex/base/t1cmtt.fd
File: t1cmtt.fd 1999/05/25 v2.5h Standard LaTeX font definitions
)) [9]
\openout2 = `classAlbaranCliente.aux'.


(./classAlbaranCliente.tex
File: classAlbaranCliente__inherit__graph.eps Graphic file (type eps)
 <classAlbaranCliente__inherit__graph.eps>
Underfull \vbox (badness 10000) has occurred while \output is active []

 [10

]
Overfull \vbox (84.67975pt too high) has occurred while \output is active []


[11]
File: classAlbaranCliente__coll__graph.eps Graphic file (type eps)
 <classAlbaranCliente__coll__graph.eps>
Underfull \vbox (badness 10000) has occurred while \output is active []

 [12]
Overfull \vbox (311.12614pt too high) has occurred while \output is active []


[13] [14] [15]) [16]
\openout2 = `classAlbaranClienteListSubform.aux'.

 (./classAlbaranClienteListSubform.tex
File: classAlbaranClienteListSubform__inherit__graph.eps Graphic file (type eps
)

<classAlbaranClienteListSubform__inherit__graph.eps>
File: classAlbaranClienteListSubform__coll__graph.eps Graphic file (type eps)

<classAlbaranClienteListSubform__coll__graph.eps> [17


]
Overfull \hbox (174.15643pt too wide) in paragraph at lines 47--48
[]\T1/cmr/m/n/10 ==============================================================
===============
 []


Overfull \hbox (267.04932pt too wide) in paragraph at lines 47--48
\T1/cmr/m/n/10 SUB-FOR-MU-LA-RIO ==============================================
=============================== 
 []

) [18]
\openout2 = `classAlbaranClienteView.aux'.

 (./classAlbaranClienteView.tex
File: classAlbaranClienteView__inherit__graph.eps Graphic file (type eps)

<classAlbaranClienteView__inherit__graph.eps>
Underfull \vbox (badness 10000) has occurred while \output is active []

 [19


]
Overfull \vbox (84.67975pt too high) has occurred while \output is active []


[20]
File: classAlbaranClienteView__coll__graph.eps Graphic file (type eps)
 <classAlbaranClienteView__coll__graph.eps>
Underfull \vbox (badness 10000) has occurred while \output is active []

 [21]
Overfull \vbox (84.67975pt too high) has occurred while \output is active []


[22] [23]) [24]
\openout2 = `classAlbaranesProveedor.aux'.

 (./classAlbaranesProveedor.tex
File: classAlbaranesProveedor__coll__graph.eps Graphic file (type eps)

<classAlbaranesProveedor__coll__graph.eps>
Underfull \vbox (badness 10000) has occurred while \output is active []

 [25


]
Overfull \vbox (176.56699pt too high) has occurred while \output is active []


[26]
Underfull \hbox (badness 3579) in paragraph at lines 50--51
[]\T1/cmr/bx/n/10 Albaranes-Proveedor \T1/cmr/m/n/10 (\T1/cmr/bx/n/10 com-pany 
$\OMS/cmsy/m/n/10 ^^C$\T1/cmr/m/n/10 comp=NULL, QWid-get $\OMS/cmsy/m/n/10 ^^C$
\T1/cmr/m/n/10 parent=0, Qt::WFlags
 []

[27]) [28]
\openout2 = `classAlbaranesProveedorListSubform.aux'.

 (./classAlbaranesProveedorListSubform.tex
File: classAlbaranesProveedorListSubform__inherit__graph.eps Graphic file (type
 eps)

<classAlbaranesProveedorListSubform__inherit__graph.eps>
File: classAlbaranesProveedorListSubform__coll__graph.eps Graphic file (type ep
s)

<classAlbaranesProveedorListSubform__coll__graph.eps> [29


]
Overfull \hbox (174.15643pt too wide) in paragraph at lines 47--48
[]\T1/cmr/m/n/10 ==============================================================
===============
 []


Overfull \hbox (267.04932pt too wide) in paragraph at lines 47--48
\T1/cmr/m/n/10 SUB-FOR-MU-LA-RIO ==============================================
=============================== 
 []

) [30]
\openout2 = `classAlbaranProveedor.aux'.

 (./classAlbaranProveedor.tex
File: classAlbaranProveedor__inherit__graph.eps Graphic file (type eps)

<classAlbaranProveedor__inherit__graph.eps>
File: classAlbaranProveedor__coll__graph.eps Graphic file (type eps)

<classAlbaranProveedor__coll__graph.eps>
Underfull \vbox (badness 7685) has occurred while \output is active []

 [31


]
Underfull \vbox (badness 10000) has occurred while \output is active []

 [32]
Overfull \vbox (147.06412pt too high) has occurred while \output is active []


[33] [34]) [35]
\openout2 = `classAlbaranProveedorView.aux'.

 (./classAlbaranProveedorView.tex
File: classAlbaranProveedorView__inherit__graph.eps Graphic file (type eps)

<classAlbaranProveedorView__inherit__graph.eps>
File: classAlbaranProveedorView__coll__graph.eps Graphic file (type eps)

<classAlbaranProveedorView__coll__graph.eps>
Underfull \vbox (badness 7685) has occurred while \output is active []

 [36


]
[37] [38]) [39]
\openout2 = `classArticulo.aux'.

 (./classArticulo.tex
File: classArticulo__inherit__graph.eps Graphic file (type eps)
 <classArticulo__inherit__graph.eps>
File: classArticulo__coll__graph.eps Graphic file (type eps)

<classArticulo__coll__graph.eps>
Underfull \vbox (badness 10000) has occurred while \output is active []

 [40


]
Overfull \vbox (240.52187pt too high) has occurred while \output is active []


[41] [42]) [43]
\openout2 = `classArticuloList.aux'.

 (./classArticuloList.tex
File: classArticuloList__coll__graph.eps Graphic file (type eps)
 <classArticuloList__coll__graph.eps>
Underfull \vbox (badness 10000) has occurred while \output is active []

 [44


]
Overfull \vbox (217.82602pt too high) has occurred while \output is active []


[45]
Underfull \hbox (badness 10000) in paragraph at lines 72--73
[]\T1/cmr/bx/n/10 Articulo-List \T1/cmr/m/n/10 (\T1/cmr/bx/n/10 com-pany $\OMS/
cmsy/m/n/10 ^^C$\T1/cmr/m/n/10 , QWid-get $\OMS/cmsy/m/n/10 ^^C$\T1/cmr/m/n/10 
parent=0, Qt::WFlags flag=0, ed-mo-de
 []

[46]) [47]
\openout2 = `classArticuloListSubForm.aux'.

 (./classArticuloListSubForm.tex
File: classArticuloListSubForm__inherit__graph.eps Graphic file (type eps)

<classArticuloListSubForm__inherit__graph.eps>
File: classArticuloListSubForm__coll__graph.eps Graphic file (type eps)

<classArticuloListSubForm__coll__graph.eps>
Overfull \hbox (174.15643pt too wide) in paragraph at lines 38--39
[]\T1/cmr/m/n/10 ==============================================================
===============
 []


Overfull \hbox (267.04932pt too wide) in paragraph at lines 38--39
\T1/cmr/m/n/10 SUB-FOR-MU-LA-RIO ==============================================
=============================== 
 []


Underfull \vbox (badness 5231) has occurred while \output is active []

 [48


])
[49]
\openout2 = `classArticuloView.aux'.

 (./classArticuloView.tex
File: classArticuloView__inherit__graph.eps Graphic file (type eps)
 <classArticuloView__inherit__graph.eps>
File: classArticuloView__coll__graph.eps Graphic file (type eps)

<classArticuloView__coll__graph.eps>
Underfull \vbox (badness 10000) has occurred while \output is active []

 [50


]
Overfull \vbox (316.95009pt too high) has occurred while \output is active []


[51] [52]) [53]
\openout2 = `classbulmafact.aux'.

 (./classbulmafact.tex
File: classbulmafact__coll__graph.eps Graphic file (type eps)
 <classbulmafact__coll__graph.eps>
Underfull \vbox (badness 10000) has occurred while \output is active []

 [54


]
Overfull \vbox (302.12549pt too high) has occurred while \output is active []


[55] [56]) [57]
\openout2 = `classBusquedaAlmacen.aux'.

 (./classBusquedaAlmacen.tex
File: classBusquedaAlmacen__coll__graph.eps Graphic file (type eps)

<classBusquedaAlmacen__coll__graph.eps>
Underfull \vbox (badness 10000) has occurred while \output is active []

 [58


]
Overfull \vbox (75.1176pt too high) has occurred while \output is active []


[59]) [60]
\openout2 = `classBusquedaArticulo.aux'.

 (./classBusquedaArticulo.tex
File: classBusquedaArticulo__coll__graph.eps Graphic file (type eps)

<classBusquedaArticulo__coll__graph.eps>
Underfull \vbox (badness 10000) has occurred while \output is active []

 [61


]
Overfull \vbox (81.27359pt too high) has occurred while \output is active []


[62]) [63]
\openout2 = `classBusquedaCliente.aux'.

 (./classBusquedaCliente.tex
File: classBusquedaCliente__coll__graph.eps Graphic file (type eps)
 <classBusquedaCliente__coll__graph.eps>
Underfull \vbox (badness 10000) has occurred while \output is active []

 [64


]
Overfull \vbox (138.34473pt too high) has occurred while \output is active []


[65]) [66]
\openout2 = `classBusquedaFamilia.aux'.

 (./classBusquedaFamilia.tex
File: classBusquedaFamilia__coll__graph.eps Graphic file (type eps)
 <classBusquedaFamilia__coll__graph.eps>
Underfull \vbox (badness 10000) has occurred while \output is active []

 [67


]
Overfull \vbox (83.00743pt too high) has occurred while \output is active []


[68]) [69]
\openout2 = `classBusquedaFormaPago.aux'.

 (./classBusquedaFormaPago.tex
File: classBusquedaFormaPago__coll__graph.eps Graphic file (type eps)

<classBusquedaFormaPago__coll__graph.eps>
Underfull \vbox (badness 10000) has occurred while \output is active []

 [70


]
Overfull \vbox (75.1176pt too high) has occurred while \output is active []


[71]) [72]
\openout2 = `classBusquedaProveedor.aux'.

 (./classBusquedaProveedor.tex
File: classBusquedaProveedor__coll__graph.eps Graphic file (type eps)

<classBusquedaProveedor__coll__graph.eps>
Underfull \vbox (badness 10000) has occurred while \output is active []

 [73


]
Overfull \vbox (127.00168pt too high) has occurred while \output is active []


[74]) [75]
\openout2 = `classBusquedaProvincia.aux'.

 (./classBusquedaProvincia.tex
File: classBusquedaProvincia__coll__graph.eps Graphic file (type eps)

<classBusquedaProvincia__coll__graph.eps>
Underfull \vbox (badness 10000) has occurred while \output is active []

 [76


]
Overfull \vbox (67.87361pt too high) has occurred while \output is active []


[77]) [78]
\openout2 = `classBusquedaReferencia.aux'.

 (./classBusquedaReferencia.tex
File: classBusquedaReferencia__coll__graph.eps Graphic file (type eps)

<classBusquedaReferencia__coll__graph.eps>
Underfull \vbox (badness 10000) has occurred while \output is active []

 [79


]
Overfull \vbox (76.08417pt too high) has occurred while \output is active []


[80]) [81]
\openout2 = `classBusquedaSerieFactura.aux'.

 (./classBusquedaSerieFactura.tex
File: classBusquedaSerieFactura__coll__graph.eps Graphic file (type eps)

<classBusquedaSerieFactura__coll__graph.eps>
Underfull \vbox (badness 10000) has occurred while \output is active []

 [82


]
Overfull \vbox (75.1176pt too high) has occurred while \output is active []


[83]) [84]
\openout2 = `classBusquedaTipoArticulo.aux'.

 (./classBusquedaTipoArticulo.tex
File: classBusquedaTipoArticulo__coll__graph.eps Graphic file (type eps)

<classBusquedaTipoArticulo__coll__graph.eps>
Underfull \vbox (badness 10000) has occurred while \output is active []

 [85


]
Overfull \vbox (97.29727pt too high) has occurred while \output is active []


[86]) [87]
\openout2 = `classBusquedaTrabajador.aux'.

 (./classBusquedaTrabajador.tex
File: classBusquedaTrabajador__coll__graph.eps Graphic file (type eps)

<classBusquedaTrabajador__coll__graph.eps>
Underfull \vbox (badness 10000) has occurred while \output is active []

 [88


]
Overfull \vbox (75.1176pt too high) has occurred while \output is active []


[89]) [90]
\openout2 = `classCliente.aux'.

 (./classCliente.tex
File: classCliente__inherit__graph.eps Graphic file (type eps)
 <classCliente__inherit__graph.eps>
Underfull \vbox (badness 10000) has occurred while \output is active []

 [91


]
Overfull \vbox (9.0004pt too high) has occurred while \output is active []


[92]
File: classCliente__coll__graph.eps Graphic file (type eps)
 <classCliente__coll__graph.eps>
Underfull \vbox (badness 10000) has occurred while \output is active []

 [93]
Overfull \vbox (360.04758pt too high) has occurred while \output is active []


[94] [95]) [96]
\openout2 = `classClienteListSubform.aux'.

 (./classClienteListSubform.tex
File: classClienteListSubform__inherit__graph.eps Graphic file (type eps)

<classClienteListSubform__inherit__graph.eps>
File: classClienteListSubform__coll__graph.eps Graphic file (type eps)

<classClienteListSubform__coll__graph.eps>
Overfull \hbox (174.15643pt too wide) in paragraph at lines 38--39
[]\T1/cmr/m/n/10 ==============================================================
===============
 []


Overfull \hbox (267.04932pt too wide) in paragraph at lines 38--39
\T1/cmr/m/n/10 SUB-FOR-MU-LA-RIO ==============================================
=============================== 
 []


Underfull \vbox (badness 5231) has occurred while \output is active []

 [97


])
[98]
\openout2 = `classClienteView.aux'.

 (./classClienteView.tex
File: classClienteView__inherit__graph.eps Graphic file (type eps)
 <classClienteView__inherit__graph.eps>
Underfull \vbox (badness 10000) has occurred while \output is active []

 [99


]
Overfull \vbox (9.0004pt too high) has occurred while \output is active []


[100]
File: classClienteView__coll__graph.eps Graphic file (type eps)
 <classClienteView__coll__graph.eps>
Underfull \vbox (badness 10000) has occurred while \output is active []

 [101]
Overfull \vbox (9.0004pt too high) has occurred while \output is active []


[102] [103]) [104]
\openout2 = `classClientsList.aux'.

 (./classClientsList.tex
File: classClientsList__coll__graph.eps Graphic file (type eps)
 <classClientsList__coll__graph.eps>
Underfull \vbox (badness 10000) has occurred while \output is active []

 [105


]
Overfull \vbox (187.67293pt too high) has occurred while \output is active []


[106]
Underfull \hbox (badness 10000) in paragraph at lines 69--71
[]\T1/cmr/bx/n/10 Clients-List \T1/cmr/m/n/10 (\T1/cmr/bx/n/10 com-pany $\OMS/c
msy/m/n/10 ^^C$\T1/cmr/m/n/10 , QWid-get $\OMS/cmsy/m/n/10 ^^C$\T1/cmr/m/n/10 p
arent=0, Qt::WFlags flag=0, ed-mo-de
 []

[107]) [108]
\openout2 = `classCobro.aux'.

 (./classCobro.tex
File: classCobro__inherit__graph.eps Graphic file (type eps)
 <classCobro__inherit__graph.eps>
File: classCobro__coll__graph.eps Graphic file (type eps)

<classCobro__coll__graph.eps>
Underfull \vbox (badness 10000) has occurred while \output is active []

 [109


]
Overfull \vbox (141.52077pt too high) has occurred while \output is active []


[110]) [111]
\openout2 = `classCobrosList.aux'.

 (./classCobrosList.tex
File: classCobrosList__coll__graph.eps Graphic file (type eps)
 <classCobrosList__coll__graph.eps>
Underfull \vbox (badness 10000) has occurred while \output is active []

 [112


]
Overfull \vbox (173.00877pt too high) has occurred while \output is active []


[113]) [114]
\openout2 = `classCobrosListSubForm.aux'.

 (./classCobrosListSubForm.tex
File: classCobrosListSubForm__inherit__graph.eps Graphic file (type eps)

<classCobrosListSubForm__inherit__graph.eps>
File: classCobrosListSubForm__coll__graph.eps Graphic file (type eps)

<classCobrosListSubForm__coll__graph.eps>
Overfull \hbox (174.15643pt too wide) in paragraph at lines 38--39
[]\T1/cmr/m/n/10 ==============================================================
===============
 []


Overfull \hbox (267.04932pt too wide) in paragraph at lines 38--39
\T1/cmr/m/n/10 SUB-FOR-MU-LA-RIO ==============================================
=============================== 
 []


Underfull \vbox (badness 5231) has occurred while \output is active []

 [115


])
[116]
\openout2 = `classCobroView.aux'.

 (./classCobroView.tex
File: classCobroView__inherit__graph.eps Graphic file (type eps)
 <classCobroView__inherit__graph.eps>
File: classCobroView__coll__graph.eps Graphic file (type eps)

<classCobroView__coll__graph.eps>
Underfull \vbox (badness 10000) has occurred while \output is active []

 [117


]
[118]) [119]
\openout2 = `classcompany.aux'.

 (./classcompany.tex
File: classcompany__coll__graph.eps Graphic file (type eps)
 <classcompany__coll__graph.eps> [120


]
Underfull \hbox (badness 10000) in paragraph at lines 82--84
[]\T1/cmr/bx/n/10 Tipo-Articulo-List $\OMS/cmsy/m/n/10 ^^C$ \T1/cmr/bx/n/10 new
-Tipo-Articulo-List \T1/cmr/m/n/10 (QWid-get $\OMS/cmsy/m/n/10 ^^C$\T1/cmr/m/n/
10 parent=0, bool modo-
 []

[121] [122] [123]) [124]
\openout2 = `classCompArticulo.aux'.

 (./classCompArticulo.tex
File: classCompArticulo__coll__graph.eps Graphic file (type eps)

<classCompArticulo__coll__graph.eps>
Underfull \vbox (badness 10000) has occurred while \output is active []

 [125


]
Overfull \vbox (135.30676pt too high) has occurred while \output is active []


[126]) [127]
\openout2 = `classDescuentoPresupuesto.aux'.

 (./classDescuentoPresupuesto.tex
File: classDescuentoPresupuesto__coll__graph.eps Graphic file (type eps)

<classDescuentoPresupuesto__coll__graph.eps>
Underfull \vbox (badness 10000) has occurred while \output is active []

 [128


]
Overfull \vbox (131.13033pt too high) has occurred while \output is active []


[129]) [130]
\openout2 = `classFactura.aux'.

 (./classFactura.tex
File: classFactura__inherit__graph.eps Graphic file (type eps)
 <classFactura__inherit__graph.eps>
Underfull \vbox (badness 10000) has occurred while \output is active []

 [131


]
File: classFactura__coll__graph.eps Graphic file (type eps)

<classFactura__coll__graph.eps>
Underfull \vbox (badness 10000) has occurred while \output is active []

 [132]
Overfull \vbox (264.45589pt too high) has occurred while \output is active []


[133] [134] [135]) [136]
\openout2 = `classFacturaProveedor.aux'.

 (./classFacturaProveedor.tex
File: classFacturaProveedor__inherit__graph.eps Graphic file (type eps)

<classFacturaProveedor__inherit__graph.eps>
File: classFacturaProveedor__coll__graph.eps Graphic file (type eps)

<classFacturaProveedor__coll__graph.eps>
Underfull \vbox (badness 10000) has occurred while \output is active []

 [137


]
Overfull \vbox (153.59845pt too high) has occurred while \output is active []


[138] [139]) [140]
\openout2 = `classFacturaProveedorView.aux'.

 (./classFacturaProveedorView.tex
File: classFacturaProveedorView__inherit__graph.eps Graphic file (type eps)

<classFacturaProveedorView__inherit__graph.eps>
File: classFacturaProveedorView__coll__graph.eps Graphic file (type eps)

<classFacturaProveedorView__coll__graph.eps>
Underfull \vbox (badness 10000) has occurred while \output is active []

 [141


]
[142]) [143]
\openout2 = `classFacturasList.aux'.

 (./classFacturasList.tex
File: classFacturasList__coll__graph.eps Graphic file (type eps)
 <classFacturasList__coll__graph.eps>
Underfull \vbox (badness 10000) has occurred while \output is active []

 [144


]
Overfull \vbox (183.51451pt too high) has occurred while \output is active []


[145]
Underfull \hbox (badness 10000) in paragraph at lines 60--61
[]\T1/cmr/bx/n/10 Facturas-List \T1/cmr/m/n/10 (\T1/cmr/bx/n/10 com-pany $\OMS/
cmsy/m/n/10 ^^C$\T1/cmr/m/n/10 , QWid-get $\OMS/cmsy/m/n/10 ^^C$\T1/cmr/m/n/10 
parent=0, Qt::WFlags flag=0, ed-mo-de
 []

[146]) [147]
\openout2 = `classFacturasListSubform.aux'.

 (./classFacturasListSubform.tex
File: classFacturasListSubform__inherit__graph.eps Graphic file (type eps)

<classFacturasListSubform__inherit__graph.eps>
File: classFacturasListSubform__coll__graph.eps Graphic file (type eps)

<classFacturasListSubform__coll__graph.eps> [148


]
Overfull \hbox (174.15643pt too wide) in paragraph at lines 47--48
[]\T1/cmr/m/n/10 ==============================================================
===============
 []


Overfull \hbox (267.04932pt too wide) in paragraph at lines 47--48
\T1/cmr/m/n/10 SUB-FOR-MU-LA-RIO ==============================================
=============================== 
 []

) [149]
\openout2 = `classFacturasProveedorList.aux'.

 (./classFacturasProveedorList.tex
File: classFacturasProveedorList__coll__graph.eps Graphic file (type eps)

<classFacturasProveedorList__coll__graph.eps>
Underfull \vbox (badness 10000) has occurred while \output is active []

 [150


]
Overfull \vbox (181.57838pt too high) has occurred while \output is active []


[151] [152]) [153]
\openout2 = `classFacturasProveedorListSubform.aux'.

 (./classFacturasProveedorListSubform.tex
File: classFacturasProveedorListSubform__inherit__graph.eps Graphic file (type 
eps)

<classFacturasProveedorListSubform__inherit__graph.eps>
File: classFacturasProveedorListSubform__coll__graph.eps Graphic file (type eps
)

<classFacturasProveedorListSubform__coll__graph.eps> [154


]
Overfull \hbox (174.15643pt too wide) in paragraph at lines 47--48
[]\T1/cmr/m/n/10 ==============================================================
===============
 []


Overfull \hbox (267.04932pt too wide) in paragraph at lines 47--48
\T1/cmr/m/n/10 SUB-FOR-MU-LA-RIO ==============================================
=============================== 
 []

) [155]
\openout2 = `classFacturaView.aux'.

 (./classFacturaView.tex
File: classFacturaView__inherit__graph.eps Graphic file (type eps)
 <classFacturaView__inherit__graph.eps>
Underfull \vbox (badness 10000) has occurred while \output is active []

 [156


]
File: classFacturaView__coll__graph.eps Graphic file (type eps)

<classFacturaView__coll__graph.eps>
Underfull \vbox (badness 10000) has occurred while \output is active []

 [157]
Underfull \vbox (badness 10000) has occurred while \output is active []

 [158]
[159]) [160]
\openout2 = `classfamiliasview.aux'.

 (./classfamiliasview.tex
File: classfamiliasview__coll__graph.eps Graphic file (type eps)
 <classfamiliasview__coll__graph.eps>
Underfull \vbox (badness 10000) has occurred while \output is active []

 [161


]
Overfull \vbox (142.11166pt too high) has occurred while \output is active []


[162] [163]) [164]
\openout2 = `classFPagoView.aux'.

 (./classFPagoView.tex
File: classFPagoView__coll__graph.eps Graphic file (type eps)
 <classFPagoView__coll__graph.eps>
Underfull \vbox (badness 10000) has occurred while \output is active []

 [165


]
Overfull \vbox (119.28192pt too high) has occurred while \output is active []


[166]) [167]
\openout2 = `classInformeCliente.aux'.

 (./classInformeCliente.tex
File: classInformeCliente__coll__graph.eps Graphic file (type eps)
 <classInformeCliente__coll__graph.eps>
Underfull \vbox (badness 10000) has occurred while \output is active []

 [168


]
Overfull \vbox (61.83696pt too high) has occurred while \output is active []


[169]
Overfull \hbox (73.07pt too wide) in paragraph at lines 37--38
[]\T1/cmr/m/n/10 ==============================================================
==
 []


Overfull \hbox (41.40887pt too wide) in paragraph at lines 37--38
\T1/cmr/m/n/10 =================== IN-FOR-ME CLIEN-TE =========================
===
 []


Overfull \hbox (73.07pt too wide) in paragraph at lines 37--38
\T1/cmr/m/n/10 ================================================================
 
 []

[170]) [171]
\openout2 = `classInformeClientes.aux'.

 (./classInformeClientes.tex
File: classInformeClientes__coll__graph.eps Graphic file (type eps)

<classInformeClientes__coll__graph.eps>
Underfull \vbox (badness 10000) has occurred while \output is active []

 [172


]
Overfull \vbox (54.59299pt too high) has occurred while \output is active []


[173]
Overfull \hbox (73.07pt too wide) in paragraph at lines 36--37
[]\T1/cmr/m/n/10 ==============================================================
==
 []


Overfull \hbox (46.96307pt too wide) in paragraph at lines 36--37
\T1/cmr/m/n/10 =================== IN-FOR-ME CLIEN-TES ========================
====
 []


Overfull \hbox (73.07pt too wide) in paragraph at lines 36--37
\T1/cmr/m/n/10 ================================================================
 
 []

[174]) [175]
\openout2 = `classInformeReferencia.aux'.

 (./classInformeReferencia.tex
File: classInformeReferencia__coll__graph.eps Graphic file (type eps)

<classInformeReferencia__coll__graph.eps>
Underfull \vbox (badness 10000) has occurred while \output is active []

 [176


]
Overfull \vbox (61.83696pt too high) has occurred while \output is active []


[177]) [178]
\openout2 = `classInventario.aux'.

 (./classInventario.tex
File: classInventario__inherit__graph.eps Graphic file (type eps)
 <classInventario__inherit__graph.eps>
File: classInventario__coll__graph.eps Graphic file (type eps)

<classInventario__coll__graph.eps>
Underfull \vbox (badness 10000) has occurred while \output is active []

 [179


]
Overfull \vbox (83.2848pt too high) has occurred while \output is active []


[180]) [181]
\openout2 = `classInventariosSubForm.aux'.

 (./classInventariosSubForm.tex
File: classInventariosSubForm__inherit__graph.eps Graphic file (type eps)

<classInventariosSubForm__inherit__graph.eps>
File: classInventariosSubForm__coll__graph.eps Graphic file (type eps)

<classInventariosSubForm__coll__graph.eps>
Overfull \hbox (174.15643pt too wide) in paragraph at lines 44--45
[]\T1/cmr/m/n/10 ==============================================================
===============
 []


Overfull \hbox (267.04932pt too wide) in paragraph at lines 44--45
\T1/cmr/m/n/10 SUB-FOR-MU-LA-RIO ==============================================
=============================== 
 []

[182


]) [183]
\openout2 = `classInventariosView.aux'.

 (./classInventariosView.tex
File: classInventariosView__coll__graph.eps Graphic file (type eps)

<classInventariosView__coll__graph.eps>
Underfull \vbox (badness 10000) has occurred while \output is active []

 [184


]
Overfull \vbox (89.13904pt too high) has occurred while \output is active []


[185]) [186]
\openout2 = `classInventarioView.aux'.

 (./classInventarioView.tex
File: classInventarioView__inherit__graph.eps Graphic file (type eps)

<classInventarioView__inherit__graph.eps>
File: classInventarioView__coll__graph.eps Graphic file (type eps)

<classInventarioView__coll__graph.eps>
Underfull \vbox (badness 10000) has occurred while \output is active []

 [187


]
[188]) [189]
\openout2 = `classlinpresupuesto.aux'.

 (./classlinpresupuesto.tex
File: classlinpresupuesto__coll__graph.eps Graphic file (type eps)
 <classlinpresupuesto__coll__graph.eps>
Underfull \vbox (badness 10000) has occurred while \output is active []

 [190


]
Overfull \vbox (234.48521pt too high) has occurred while \output is active []


[191] [192]) [193]
\openout2 = `classListAlmacenSubForm.aux'.

 (./classListAlmacenSubForm.tex
File: classListAlmacenSubForm__inherit__graph.eps Graphic file (type eps)

<classListAlmacenSubForm__inherit__graph.eps>
File: classListAlmacenSubForm__coll__graph.eps Graphic file (type eps)

<classListAlmacenSubForm__coll__graph.eps>
Underfull \hbox (badness 10000) in paragraph at lines 31--31
[]\T1/cmr/m/it/9 ===================================== SUB-FOR-MU-LA-RIO
 []

[194


]) [195]
\openout2 = `classListAlmacenView.aux'.

 (./classListAlmacenView.tex
File: classListAlmacenView__coll__graph.eps Graphic file (type eps)

<classListAlmacenView__coll__graph.eps>
Underfull \vbox (badness 10000) has occurred while \output is active []

 [196


]
Overfull \vbox (48.55634pt too high) has occurred while \output is active []


[197]) [198]
\openout2 = `classListCompArticulo.aux'.

 (./classListCompArticulo.tex
File: classListCompArticulo__coll__graph.eps Graphic file (type eps)

<classListCompArticulo__coll__graph.eps>
Underfull \vbox (badness 10000) has occurred while \output is active []

 [199


]
Overfull \vbox (128.24013pt too high) has occurred while \output is active []


[200]) [201]
\openout2 = `classListCompArticuloView.aux'.

 (./classListCompArticuloView.tex
File: classListCompArticuloView__inherit__graph.eps Graphic file (type eps)

<classListCompArticuloView__inherit__graph.eps>
File: classListCompArticuloView__coll__graph.eps Graphic file (type eps)

<classListCompArticuloView__coll__graph.eps> [202


]) [203]
\openout2 = `classListConfiguracionSubForm.aux'.


(./classListConfiguracionSubForm.tex
File: classListConfiguracionSubForm__inherit__graph.eps Graphic file (type eps)


<classListConfiguracionSubForm__inherit__graph.eps>
File: classListConfiguracionSubForm__coll__graph.eps Graphic file (type eps)

<classListConfiguracionSubForm__coll__graph.eps>
Underfull \hbox (badness 10000) in paragraph at lines 31--31
[]\T1/cmr/m/it/9 ===================================== SUB-FOR-MU-LA-RIO
 []

[204


]) [205]
\openout2 = `classListConfiguracionView.aux'.

 (./classListConfiguracionView.tex
File: classListConfiguracionView__coll__graph.eps Graphic file (type eps)

<classListConfiguracionView__coll__graph.eps>
Underfull \vbox (badness 10000) has occurred while \output is active []

 [206


]
Overfull \vbox (48.55634pt too high) has occurred while \output is active []


[207]) [208]
\openout2 = `classListControlStockView.aux'.

 (./classListControlStockView.tex
File: classListControlStockView__inherit__graph.eps Graphic file (type eps)

<classListControlStockView__inherit__graph.eps>
File: classListControlStockView__coll__graph.eps Graphic file (type eps)

<classListControlStockView__coll__graph.eps> [209


]) [210]
\openout2 = `classListDescuentoAlbaranClienteView.aux'.


(./classListDescuentoAlbaranClienteView.tex
File: classListDescuentoAlbaranClienteView__inherit__graph.eps Graphic file (ty
pe eps)

<classListDescuentoAlbaranClienteView__inherit__graph.eps>
File: classListDescuentoAlbaranClienteView__coll__graph.eps Graphic file (type 
eps)

<classListDescuentoAlbaranClienteView__coll__graph.eps> [211


]) [212]
\openout2 = `classListDescuentoAlbaranProvView.aux'.


(./classListDescuentoAlbaranProvView.tex
File: classListDescuentoAlbaranProvView__inherit__graph.eps Graphic file (type 
eps)

<classListDescuentoAlbaranProvView__inherit__graph.eps>
File: classListDescuentoAlbaranProvView__coll__graph.eps Graphic file (type eps
)

<classListDescuentoAlbaranProvView__coll__graph.eps> [213


]) [214]
\openout2 = `classListDescuentoFacturaProvView.aux'.


(./classListDescuentoFacturaProvView.tex
File: classListDescuentoFacturaProvView__inherit__graph.eps Graphic file (type 
eps)

<classListDescuentoFacturaProvView__inherit__graph.eps>
File: classListDescuentoFacturaProvView__coll__graph.eps Graphic file (type eps
)

<classListDescuentoFacturaProvView__coll__graph.eps> [215


]) [216]
\openout2 = `classListDescuentoFacturaView.aux'.


(./classListDescuentoFacturaView.tex
File: classListDescuentoFacturaView__inherit__graph.eps Graphic file (type eps)


<classListDescuentoFacturaView__inherit__graph.eps>
File: classListDescuentoFacturaView__coll__graph.eps Graphic file (type eps)

<classListDescuentoFacturaView__coll__graph.eps> [217


]) [218]
\openout2 = `classListDescuentoPedidoClienteView.aux'.


(./classListDescuentoPedidoClienteView.tex
File: classListDescuentoPedidoClienteView__inherit__graph.eps Graphic file (typ
e eps)

<classListDescuentoPedidoClienteView__inherit__graph.eps>
File: classListDescuentoPedidoClienteView__coll__graph.eps Graphic file (type e
ps)

<classListDescuentoPedidoClienteView__coll__graph.eps> [219


]) [220]
\openout2 = `classListDescuentoPedidoProveedorView.aux'.


(./classListDescuentoPedidoProveedorView.tex
File: classListDescuentoPedidoProveedorView__inherit__graph.eps Graphic file (t
ype eps)

<classListDescuentoPedidoProveedorView__inherit__graph.eps>
File: classListDescuentoPedidoProveedorView__coll__graph.eps Graphic file (type
 eps)

<classListDescuentoPedidoProveedorView__coll__graph.eps> [221


]) [222]
\openout2 = `classListDescuentoPresupuesto.aux'.


(./classListDescuentoPresupuesto.tex
File: classListDescuentoPresupuesto__coll__graph.eps Graphic file (type eps)

<classListDescuentoPresupuesto__coll__graph.eps>
Underfull \vbox (badness 10000) has occurred while \output is active []

 [223


]
Overfull \vbox (113.96904pt too high) has occurred while \output is active []


[224]) [225]
\openout2 = `classListDescuentoPresupuestoView.aux'.

 (./classListDescuentoPresupuestoView.tex
File: classListDescuentoPresupuestoView__inherit__graph.eps Graphic file (type 
eps)

<classListDescuentoPresupuestoView__inherit__graph.eps>
File: classListDescuentoPresupuestoView__coll__graph.eps Graphic file (type eps
)

<classListDescuentoPresupuestoView__coll__graph.eps> [226


]) [227]
\openout2 = `classListLinAlbaranClienteView.aux'.


(./classListLinAlbaranClienteView.tex
File: classListLinAlbaranClienteView__inherit__graph.eps Graphic file (type eps
)

<classListLinAlbaranClienteView__inherit__graph.eps>
File: classListLinAlbaranClienteView__coll__graph.eps Graphic file (type eps)

<classListLinAlbaranClienteView__coll__graph.eps> [228


]) [229]
\openout2 = `classListLinAlbaranProveedorView.aux'.


(./classListLinAlbaranProveedorView.tex
File: classListLinAlbaranProveedorView__inherit__graph.eps Graphic file (type e
ps)

<classListLinAlbaranProveedorView__inherit__graph.eps>
File: classListLinAlbaranProveedorView__coll__graph.eps Graphic file (type eps)


<classListLinAlbaranProveedorView__coll__graph.eps> [230


]) [231]
\openout2 = `classListLinFacturaProveedorView.aux'.


(./classListLinFacturaProveedorView.tex
File: classListLinFacturaProveedorView__inherit__graph.eps Graphic file (type e
ps)

<classListLinFacturaProveedorView__inherit__graph.eps>
File: classListLinFacturaProveedorView__coll__graph.eps Graphic file (type eps)


<classListLinFacturaProveedorView__coll__graph.eps> [232


]) [233]
\openout2 = `classListLinFacturaView.aux'.


(./classListLinFacturaView.tex
File: classListLinFacturaView__inherit__graph.eps Graphic file (type eps)
 <classListLinFacturaView__inherit__graph.eps>
File: classListLinFacturaView__coll__graph.eps Graphic file (type eps)

<classListLinFacturaView__coll__graph.eps> [234


]) [235]
\openout2 = `classListLinPedidoClienteView.aux'.


(./classListLinPedidoClienteView.tex
File: classListLinPedidoClienteView__inherit__graph.eps Graphic file (type eps)


<classListLinPedidoClienteView__inherit__graph.eps>
File: classListLinPedidoClienteView__coll__graph.eps Graphic file (type eps)

<classListLinPedidoClienteView__coll__graph.eps> [236


]) [237]
\openout2 = `classListLinPedidoProveedorView.aux'.


(./classListLinPedidoProveedorView.tex
File: classListLinPedidoProveedorView__inherit__graph.eps Graphic file (type ep
s)

<classListLinPedidoProveedorView__inherit__graph.eps>
File: classListLinPedidoProveedorView__coll__graph.eps Graphic file (type eps)

<classListLinPedidoProveedorView__coll__graph.eps> [238


]) [239]
\openout2 = `classlistlinpresupuesto.aux'.


(./classlistlinpresupuesto.tex
File: classlistlinpresupuesto__coll__graph.eps Graphic file (type eps)
 <classlistlinpresupuesto__coll__graph.eps>
Underfull \vbox (badness 10000) has occurred while \output is active []

 [240


]
Overfull \vbox (141.52077pt too high) has occurred while \output is active []


[241]) [242]
\openout2 = `classlistlinpresupuestoview.aux'.

 (./classlistlinpresupuestoview.tex
File: classlistlinpresupuestoview__inherit__graph.eps Graphic file (type eps)

<classlistlinpresupuestoview__inherit__graph.eps>
File: classlistlinpresupuestoview__coll__graph.eps Graphic file (type eps)

<classlistlinpresupuestoview__coll__graph.eps> [243


]) [244]
\openout2 = `classListProvinciasView.aux'.


(./classListProvinciasView.tex
File: classListProvinciasView__coll__graph.eps Graphic file (type eps)
 <classListProvinciasView__coll__graph.eps>
Underfull \vbox (badness 10000) has occurred while \output is active []

 [245


]
Overfull \vbox (75.1176pt too high) has occurred while \output is active []


[246]) [247]
\openout2 = `classListSerieFacturaSubForm.aux'.

 (./classListSerieFacturaSubForm.tex
File: classListSerieFacturaSubForm__inherit__graph.eps Graphic file (type eps)

<classListSerieFacturaSubForm__inherit__graph.eps>
File: classListSerieFacturaSubForm__coll__graph.eps Graphic file (type eps)

<classListSerieFacturaSubForm__coll__graph.eps>
Underfull \hbox (badness 10000) in paragraph at lines 31--31
[]\T1/cmr/m/it/9 ===================================== SUB-FOR-MU-LA-RIO
 []

[248


]) [249]
\openout2 = `classListSerieFacturaView.aux'.

 (./classListSerieFacturaView.tex
File: classListSerieFacturaView__coll__graph.eps Graphic file (type eps)

<classListSerieFacturaView__coll__graph.eps>
Underfull \vbox (badness 10000) has occurred while \output is active []

 [250


]
Overfull \vbox (48.55634pt too high) has occurred while \output is active []


[251]) [252]
\openout2 = `classPago.aux'.

 (./classPago.tex
File: classPago__inherit__graph.eps Graphic file (type eps)
 <classPago__inherit__graph.eps>
File: classPago__coll__graph.eps Graphic file (type eps)

<classPago__coll__graph.eps>
Underfull \vbox (badness 10000) has occurred while \output is active []

 [253


]
Overfull \vbox (168.08203pt too high) has occurred while \output is active []


[254]) [255]
\openout2 = `classPagosList.aux'.

 (./classPagosList.tex
File: classPagosList__coll__graph.eps Graphic file (type eps)
 <classPagosList__coll__graph.eps>
Underfull \vbox (badness 10000) has occurred while \output is active []

 [256


]
Overfull \vbox (163.87062pt too high) has occurred while \output is active []


[257]) [258]
\openout2 = `classPagosListSubForm.aux'.

 (./classPagosListSubForm.tex
File: classPagosListSubForm__inherit__graph.eps Graphic file (type eps)

<classPagosListSubForm__inherit__graph.eps>
File: classPagosListSubForm__coll__graph.eps Graphic file (type eps)

<classPagosListSubForm__coll__graph.eps>
Overfull \hbox (174.15643pt too wide) in paragraph at lines 38--39
[]\T1/cmr/m/n/10 ==============================================================
===============
 []


Overfull \hbox (267.04932pt too wide) in paragraph at lines 38--39
\T1/cmr/m/n/10 SUB-FOR-MU-LA-RIO ==============================================
=============================== 
 []


Underfull \vbox (badness 5231) has occurred while \output is active []

 [259


])
[260]
\openout2 = `classPagoView.aux'.

 (./classPagoView.tex
File: classPagoView__inherit__graph.eps Graphic file (type eps)
 <classPagoView__inherit__graph.eps>
File: classPagoView__coll__graph.eps Graphic file (type eps)

<classPagoView__coll__graph.eps>
Underfull \vbox (badness 10000) has occurred while \output is active []

 [261


]
[262]) [263]
\openout2 = `classPedidoCliente.aux'.

 (./classPedidoCliente.tex
File: classPedidoCliente__inherit__graph.eps Graphic file (type eps)

<classPedidoCliente__inherit__graph.eps>
Underfull \vbox (badness 10000) has occurred while \output is active []

 [264


]
File: classPedidoCliente__coll__graph.eps Graphic file (type eps)

<classPedidoCliente__coll__graph.eps>
Underfull \vbox (badness 10000) has occurred while \output is active []

 [265]
Overfull \vbox (224.50598pt too high) has occurred while \output is active []


[266] [267]) [268]
\openout2 = `classPedidoClienteView.aux'.

 (./classPedidoClienteView.tex
File: classPedidoClienteView__inherit__graph.eps Graphic file (type eps)

<classPedidoClienteView__inherit__graph.eps>
Underfull \vbox (badness 10000) has occurred while \output is active []

 [269


]
File: classPedidoClienteView__coll__graph.eps Graphic file (type eps)

<classPedidoClienteView__coll__graph.eps>
Underfull \vbox (badness 10000) has occurred while \output is active []

 [270]
[271] [272]) [273]
\openout2 = `classPedidoProveedor.aux'.

 (./classPedidoProveedor.tex
File: classPedidoProveedor__inherit__graph.eps Graphic file (type eps)

<classPedidoProveedor__inherit__graph.eps>
Underfull \vbox (badness 10000) has occurred while \output is active []

 [274


]
File: classPedidoProveedor__coll__graph.eps Graphic file (type eps)

<classPedidoProveedor__coll__graph.eps>
Underfull \vbox (badness 10000) has occurred while \output is active []

 [275]
Overfull \vbox (221.9535pt too high) has occurred while \output is active []


[276] [277]) [278]
\openout2 = `classPedidoProveedorView.aux'.

 (./classPedidoProveedorView.tex
File: classPedidoProveedorView__inherit__graph.eps Graphic file (type eps)

<classPedidoProveedorView__inherit__graph.eps>
Underfull \vbox (badness 10000) has occurred while \output is active []

 [279


]
File: classPedidoProveedorView__coll__graph.eps Graphic file (type eps)

<classPedidoProveedorView__coll__graph.eps>
Underfull \vbox (badness 10000) has occurred while \output is active []

 [280]
[281] [282]) [283]
\openout2 = `classPedidosClienteList.aux'.

 (./classPedidosClienteList.tex
File: classPedidosClienteList__coll__graph.eps Graphic file (type eps)

<classPedidosClienteList__coll__graph.eps>
Underfull \vbox (badness 10000) has occurred while \output is active []

 [284


]
Overfull \vbox (179.51051pt too high) has occurred while \output is active []


[285] [286]) [287]
\openout2 = `classPedidosClienteListSubform.aux'.

 (./classPedidosClienteListSubform.tex
File: classPedidosClienteListSubform__inherit__graph.eps Graphic file (type eps
)

<classPedidosClienteListSubform__inherit__graph.eps>
File: classPedidosClienteListSubform__coll__graph.eps Graphic file (type eps)

<classPedidosClienteListSubform__coll__graph.eps> [288


]
Overfull \hbox (174.15643pt too wide) in paragraph at lines 47--48
[]\T1/cmr/m/n/10 ==============================================================
===============
 []


Overfull \hbox (267.04932pt too wide) in paragraph at lines 47--48
\T1/cmr/m/n/10 SUB-FOR-MU-LA-RIO ==============================================
=============================== 
 []

) [289]
\openout2 = `classPedidosProveedorList.aux'.

 (./classPedidosProveedorList.tex
File: classPedidosProveedorList__coll__graph.eps Graphic file (type eps)

<classPedidosProveedorList__coll__graph.eps>
Underfull \vbox (badness 10000) has occurred while \output is active []

 [290


]
Overfull \vbox (173.78511pt too high) has occurred while \output is active []


[291] [292]) [293]
\openout2 = `classPedidosProveedorListSubform.aux'.

 (./classPedidosProveedorListSubform.tex
File: classPedidosProveedorListSubform__inherit__graph.eps Graphic file (type e
ps)

<classPedidosProveedorListSubform__inherit__graph.eps>
File: classPedidosProveedorListSubform__coll__graph.eps Graphic file (type eps)


<classPedidosProveedorListSubform__coll__graph.eps>
Overfull \hbox (174.15643pt too wide) in paragraph at lines 44--45
[]\T1/cmr/m/n/10 ==============================================================
===============
 []


Overfull \hbox (267.04932pt too wide) in paragraph at lines 44--45
\T1/cmr/m/n/10 SUB-FOR-MU-LA-RIO ==============================================
=============================== 
 []

[294


]) [295]
\openout2 = `classpresupuesto.aux'.

 (./classpresupuesto.tex
File: classpresupuesto__inherit__graph.eps Graphic file (type eps)
 <classpresupuesto__inherit__graph.eps>
Underfull \vbox (badness 10000) has occurred while \output is active []

 [296


]
Overfull \vbox (43.02118pt too high) has occurred while \output is active []


[297]
File: classpresupuesto__coll__graph.eps Graphic file (type eps)
 <classpresupuesto__coll__graph.eps>
Underfull \vbox (badness 10000) has occurred while \output is active []

 [298]
Overfull \vbox (314.18298pt too high) has occurred while \output is active []


[299] [300] [301]) [302]
\openout2 = `classPresupuestoList.aux'.

 (./classPresupuestoList.tex
File: classPresupuestoList__coll__graph.eps Graphic file (type eps)

<classPresupuestoList__coll__graph.eps>
Underfull \vbox (badness 10000) has occurred while \output is active []

 [303


]
Overfull \vbox (202.27307pt too high) has occurred while \output is active []


[304] [305]) [306]
\openout2 = `classPresupuestoListSubForm.aux'.

 (./classPresupuestoListSubForm.tex
File: classPresupuestoListSubForm__inherit__graph.eps Graphic file (type eps)

<classPresupuestoListSubForm__inherit__graph.eps>
File: classPresupuestoListSubForm__coll__graph.eps Graphic file (type eps)

<classPresupuestoListSubForm__coll__graph.eps> [307


]
Overfull \hbox (174.15643pt too wide) in paragraph at lines 47--48
[]\T1/cmr/m/n/10 ==============================================================
===============
 []


Overfull \hbox (267.04932pt too wide) in paragraph at lines 47--48
\T1/cmr/m/n/10 SUB-FOR-MU-LA-RIO ==============================================
=============================== 
 []

) [308]
\openout2 = `classPresupuestoView.aux'.

 (./classPresupuestoView.tex
File: classPresupuestoView__inherit__graph.eps Graphic file (type eps)
 <classPresupuestoView__inherit__graph.eps>
Underfull \vbox (badness 10000) has occurred while \output is active []

 [309


]
Overfull \vbox (43.02118pt too high) has occurred while \output is active []


[310]
File: classPresupuestoView__coll__graph.eps Graphic file (type eps)
 <classPresupuestoView__coll__graph.eps>
Underfull \vbox (badness 10000) has occurred while \output is active []

 [311]
Overfull \vbox (43.02118pt too high) has occurred while \output is active []


[312] [313]) [314]
\openout2 = `classProveedorList.aux'.

 (./classProveedorList.tex
File: classProveedorList__coll__graph.eps Graphic file (type eps)

<classProveedorList__coll__graph.eps>
Underfull \vbox (badness 10000) has occurred while \output is active []

 [315


]
Overfull \vbox (185.34392pt too high) has occurred while \output is active []


[316]
Underfull \hbox (badness 6110) in paragraph at lines 92--93
[]\T1/cmr/bx/n/10 Proveedor-List \T1/cmr/m/n/10 (\T1/cmr/bx/n/10 com-pany $\OMS
/cmsy/m/n/10 ^^C$\T1/cmr/m/n/10 , QWid-get $\OMS/cmsy/m/n/10 ^^C$\T1/cmr/m/n/10
 parent=0, Qt::WFlags flag=0, ed-mo-de
 []

[317]) [318]
\openout2 = `classProveedorListSubform.aux'.

 (./classProveedorListSubform.tex
File: classProveedorListSubform__inherit__graph.eps Graphic file (type eps)

<classProveedorListSubform__inherit__graph.eps>
File: classProveedorListSubform__coll__graph.eps Graphic file (type eps)

<classProveedorListSubform__coll__graph.eps> [319


]
Overfull \hbox (174.15643pt too wide) in paragraph at lines 47--48
[]\T1/cmr/m/n/10 ==============================================================
===============
 []


Overfull \hbox (267.04932pt too wide) in paragraph at lines 47--48
\T1/cmr/m/n/10 SUB-FOR-MU-LA-RIO ==============================================
=============================== 
 []

) [320]
\openout2 = `classProveedorView.aux'.

 (./classProveedorView.tex
File: classProveedorView__coll__graph.eps Graphic file (type eps)
 <classProveedorView__coll__graph.eps>
Underfull \vbox (badness 10000) has occurred while \output is active []

 [321


]
Overfull \vbox (88.39824pt too high) has occurred while \output is active []


[322]) [323]
\openout2 = `classSplash.aux'.

 (./classSplash.tex) [324


]
\openout2 = `classSubForm2Bf.aux'.

 (./classSubForm2Bf.tex
File: classSubForm2Bf__inherit__graph.eps Graphic file (type eps)

<classSubForm2Bf__inherit__graph.eps>) [325


]
\openout2 = `classTipoArticuloList.aux'.

 (./classTipoArticuloList.tex
File: classTipoArticuloList__coll__graph.eps Graphic file (type eps)

<classTipoArticuloList__coll__graph.eps>
Underfull \vbox (badness 10000) has occurred while \output is active []

 [326


]
Overfull \vbox (136.2021pt too high) has occurred while \output is active []


[327]
Underfull \hbox (badness 2617) in paragraph at lines 19--21
[]\T1/cmr/m/n/10 virtual void \T1/cmr/bx/n/10 on_-m_-list-Tipos_-current-Item-C
hanged \T1/cmr/m/n/10 (QTree-Widget-Item $\OMS/cmsy/m/n/10 ^^C$\T1/cmr/m/n/10 c
urrent,
 []


Underfull \hbox (badness 2980) in paragraph at lines 21--23
[]\T1/cmr/m/n/10 virtual void \T1/cmr/bx/n/10 on_-m_-list-Tipos_-item-Double-Cl
icked \T1/cmr/m/n/10 (QTree-Widget-Item $\OMS/cmsy/m/n/10 ^^C$\T1/cmr/m/n/10 it
em, int
 []

[328]) [329]
\openout2 = `classTrabajadorView.aux'.

 (./classTrabajadorView.tex
File: classTrabajadorView__coll__graph.eps Graphic file (type eps)
 <classTrabajadorView__coll__graph.eps>
Underfull \vbox (badness 10000) has occurred while \output is active []

 [330


]
Overfull \vbox (125.24782pt too high) has occurred while \output is active []


[331]) [332] (./refman.ind [333


]

Package Fancyhdr Warning: \headheight is too small (12.0pt): 
 Make it at least 12.36252pt.
 We now make it that large for the rest of the document.
 This may cause the page layout to be inconsistent, however.

[334]
Underfull \hbox (badness 10000) in paragraph at lines 222--223
[]| \T1/cmr/m/n/10 on_-m_-listFamilias_-currentItemChanged,
 []


Underfull \hbox (badness 10000) in paragraph at lines 223--224
[]| \T1/cmr/m/n/10 on_-m_-listFamilias_-itemDoubleClicked,
 []


Package Fancyhdr Warning: \headheight is too small (12.0pt): 
 Make it at least 12.36252pt.
 We now make it that large for the rest of the document.
 This may cause the page layout to be inconsistent, however.

[335]

Package Fancyhdr Warning: \headheight is too small (12.0pt): 
 Make it at least 12.36252pt.
 We now make it that large for the rest of the document.
 This may cause the page layout to be inconsistent, however.

[336]

Package Fancyhdr Warning: \headheight is too small (12.0pt): 
 Make it at least 12.36252pt.
 We now make it that large for the rest of the document.
 This may cause the page layout to be inconsistent, however.

[337]
Underfull \hbox (badness 10000) in paragraph at lines 571--572
[]| \T1/cmr/m/n/10 on_-m_-listTipos_-currentItemChanged,
 []


Package Fancyhdr Warning: \headheight is too small (12.0pt): 
 Make it at least 12.36252pt.
 We now make it that large for the rest of the document.
 This may cause the page layout to be inconsistent, however.

[338

]) (./refman.aux (./classAlbaranCliente.aux)
(./classAlbaranClienteListSubform.aux) (./classAlbaranClienteView.aux)
(./classAlbaranesProveedor.aux) (./classAlbaranesProveedorListSubform.aux)
(./classAlbaranProveedor.aux) (./classAlbaranProveedorView.aux)
(./classArticulo.aux) (./classArticuloList.aux) (./classArticuloListSubForm.aux
) (./classArticuloView.aux) (./classbulmafact.aux) (./classBusquedaAlmacen.aux)
(./classBusquedaArticulo.aux) (./classBusquedaCliente.aux)
(./classBusquedaFamilia.aux) (./classBusquedaFormaPago.aux)
(./classBusquedaProveedor.aux) (./classBusquedaProvincia.aux)
(./classBusquedaReferencia.aux) (./classBusquedaSerieFactura.aux)
(./classBusquedaTipoArticulo.aux) (./classBusquedaTrabajador.aux)
(./classCliente.aux) (./classClienteListSubform.aux) (./classClienteView.aux)
(./classClientsList.aux) (./classCobro.aux) (./classCobrosList.aux)
(./classCobrosListSubForm.aux) (./classCobroView.aux) (./classcompany.aux)
(./classCompArticulo.aux) (./classDescuentoPresupuesto.aux) (./classFactura.aux
) (./classFacturaProveedor.aux) (./classFacturaProveedorView.aux)
(./classFacturasList.aux) (./classFacturasListSubform.aux)
(./classFacturasProveedorList.aux) (./classFacturasProveedorListSubform.aux)
(./classFacturaView.aux) (./classfamiliasview.aux) (./classFPagoView.aux)
(./classInformeCliente.aux) (./classInformeClientes.aux)
(./classInformeReferencia.aux) (./classInventario.aux)
(./classInventariosSubForm.aux) (./classInventariosView.aux)
(./classInventarioView.aux) (./classlinpresupuesto.aux)
(./classListAlmacenSubForm.aux) (./classListAlmacenView.aux)
(./classListCompArticulo.aux) (./classListCompArticuloView.aux)
(./classListConfiguracionSubForm.aux) (./classListConfiguracionView.aux)
(./classListControlStockView.aux) (./classListDescuentoAlbaranClienteView.aux)
(./classListDescuentoAlbaranProvView.aux)
(./classListDescuentoFacturaProvView.aux) (./classListDescuentoFacturaView.aux)
(./classListDescuentoPedidoClienteView.aux)
(./classListDescuentoPedidoProveedorView.aux)
(./classListDescuentoPresupuesto.aux) (./classListDescuentoPresupuestoView.aux)
(./classListLinAlbaranClienteView.aux) (./classListLinAlbaranProveedorView.aux)
(./classListLinFacturaProveedorView.aux) (./classListLinFacturaView.aux)
(./classListLinPedidoClienteView.aux) (./classListLinPedidoProveedorView.aux)
(./classlistlinpresupuesto.aux) (./classlistlinpresupuestoview.aux)
(./classListProvinciasView.aux) (./classListSerieFacturaSubForm.aux)
(./classListSerieFacturaView.aux) (./classPago.aux) (./classPagosList.aux)
(./classPagosListSubForm.aux) (./classPagoView.aux) (./classPedidoCliente.aux)
(./classPedidoClienteView.aux) (./classPedidoProveedor.aux)
(./classPedidoProveedorView.aux) (./classPedidosClienteList.aux)
(./classPedidosClienteListSubform.aux) (./classPedidosProveedorList.aux)
(./classPedidosProveedorListSubform.aux) (./classpresupuesto.aux)
(./classPresupuestoList.aux) (./classPresupuestoListSubForm.aux)
(./classPresupuestoView.aux) (./classProveedorList.aux)
(./classProveedorListSubform.aux) (./classProveedorView.aux) (./classSplash.aux
) (./classSubForm2Bf.aux) (./classTipoArticuloList.aux)
(./classTrabajadorView.aux)) ) 
Here is how much of TeX's memory you used:
 5018 strings out of 94500
 102177 string characters out of 1176769
 133881 words of memory out of 3500000
 7296 multiletter control sequences out of 10000+50000
 16069 words of font info for 31 fonts, out of 500000 for 2000
 580 hyphenation exceptions out of 1000
 34i,12n,43p,629b,545s stack positions out of 1500i,500n,5000p,200000b,5000s

Output written on refman.dvi (344 pages, 492144 bytes).
